INFO: [VRFC 10-2263] Analyzing Verilog file "C:/Users/Administrator/Desktop/dense_layers_correct_fix_pt_weights/seg_mem_integration/seg_mem_integration.srcs/sources_1/new/cnn_interface.v" into library xil_defaultlib
INFO: [VRFC 10-311] analyzing module cnn_interface
INFO: [VRFC 10-2263] Analyzing Verilog file "C:/Users/Administrator/Desktop/dense_layers_correct_fix_pt_weights/seg_mem_integration/seg_mem_integration.srcs/sources_1/new/debouncer.v" into library xil_defaultlib
INFO: [VRFC 10-311] analyzing module debouncer
INFO: [VRFC 10-2263] Analyzing Verilog file "C:/Users/Administrator/Desktop/dense_layers_correct_fix_pt_weights/seg_mem_integration/seg_mem_integration.srcs/sources_1/new/maxpooling.v" into library xil_defaultlib
INFO: [VRFC 10-311] analyzing module maxpooling
INFO: [VRFC 10-2263] Analyzing Verilog file "C:/Users/Administrator/Desktop/dense_layers_correct_fix_pt_weights/seg_mem_integration/seg_mem_integration.srcs/sources_1/new/mem_control.v" into library xil_defaultlib
INFO: [VRFC 10-311] analyzing module mem_control
INFO: [VRFC 10-2263] Analyzing Verilog file "C:/Users/Administrator/Desktop/dense_layers_correct_fix_pt_weights/seg_mem_integration/seg_mem_integration.srcs/sources_1/new/padding_zeros.v" into library xil_defaultlib
INFO: [VRFC 10-311] analyzing module padding_zeros
INFO: [VRFC 10-2263] Analyzing Verilog file "C:/Users/Administrator/Desktop/dense_layers_correct_fix_pt_weights/seg_mem_integration/seg_mem_integration.srcs/sources_1/new/rescaling.v" into library xil_defaultlib
INFO: [VRFC 10-311] analyzing module rescaling
INFO: [VRFC 10-2263] Analyzing Verilog file "C:/Users/Administrator/Desktop/dense_layers_correct_fix_pt_weights/seg_mem_integration/seg_mem_integration.srcs/sources_1/new/segmentation.v" into library xil_defaultlib
INFO: [VRFC 10-311] analyzing module segmentation
INFO: [VRFC 10-2263] Analyzing Verilog file "C:/Users/Administrator/Desktop/dense_layers_correct_fix_pt_weights/seg_mem_integration/seg_mem_integration.srcs/sources_1/new/size_trim.v" into library xil_defaultlib
INFO: [VRFC 10-311] analyzing module size_trim
INFO: [VRFC 10-2263] Analyzing Verilog file "C:/Users/Administrator/Desktop/dense_layers_correct_fix_pt_weights/seg_mem_integration/seg_mem_integration.srcs/sources_1/new/top.v" into library xil_defaultlib
INFO: [VRFC 10-311] analyzing module top
INFO: [VRFC 10-2263] Analyzing Verilog file "C:/Users/Administrator/Desktop/dense_layers_correct_fix_pt_weights/seg_mem_integration/seg_mem_integration.srcs/sources_1/new/vga_driver.v" into library xil_defaultlib
INFO: [VRFC 10-311] analyzing module vga_driver
INFO: [VRFC 10-2263] Analyzing Verilog file "C:/Users/Administrator/Desktop/dense_layers_correct_fix_pt_weights/seg_mem_integration/seg_mem_integration.srcs/sources_1/new/vga_top.v" into library xil_defaultlib
INFO: [VRFC 10-311] analyzing module vga_top
INFO: [VRFC 10-2263] Analyzing SystemVerilog file "C:/Users/Administrator/Desktop/dense_layers_correct_fix_pt_weights/seg_mem_integration/seg_mem_integration.srcs/sources_1/new/CNN_pixel.sv" into library xil_defaultlib
INFO: [VRFC 10-311] analyzing module CNN_pixel
INFO: [VRFC 10-311] analyzing module mult8x8
INFO: [VRFC 10-311] analyzing module reg32p32
INFO: [VRFC 10-2263] Analyzing SystemVerilog file "C:/Users/Administrator/Desktop/dense_layers_correct_fix_pt_weights/seg_mem_integration/seg_mem_integration.srcs/sources_1/new/dense_layer_1.sv" into library xil_defaultlib
INFO: [VRFC 10-311] analyzing module dense_layer_1
INFO: [VRFC 10-2263] Analyzing SystemVerilog file "C:/Users/Administrator/Desktop/dense_layers_correct_fix_pt_weights/seg_mem_integration/seg_mem_integration.srcs/sources_1/new/dense_layer_2.sv" into library xil_defaultlib
INFO: [VRFC 10-311] analyzing module dense_layer_2
