#
# A fatal error has been detected by the Java Runtime Environment:
#
#  EXCEPTION_ACCESS_VIOLATION (0xc0000005) at pc=0x00007ff9cfb3a605, pid=41216, tid=14160
#
# JRE version: Java(TM) SE Runtime Environment (9.0+11) (build 9.0.4+11)
# Java VM: Java HotSpot(TM) 64-Bit Server VM (9.0.4+11, mixed mode, tiered, compressed oops, g1 gc, windows-amd64)
# Problematic frame:
# C  [librdi_common.dll+0x17a605]
#
# No core dump will be written. Minidumps are not enabled by default on client versions of Windows
#
# If you would like to submit a bug report, please visit:
#   http://bugreport.java.com/bugreport/crash.jsp
# The crash happened outside the Java Virtual Machine in native code.
# See problematic frame for where to report the bug.
#

---------------  S U M M A R Y ------------

Command Line: -Dsun.java2d.pmoffscreen=false -Dsun.java2d.xrender=false -Dsun.java2d.d3d=false -Dsun.awt.nopixfmt=true -Dsun.java2d.dpiaware=true -Dsun.java2d.uiScale.enabled=false -Xverify:none -Dswing.aatext=true -XX:-UsePerfData -Djdk.map.althashing.threshold=512 -XX:StringTableSize=4072 --add-opens=java.base/java.nio=ALL-UNNAMED --add-opens=java.desktop/sun.swing=ALL-UNNAMED --add-opens=java.desktop/javax.swing=ALL-UNNAMED --add-opens=java.desktop/javax.swing.tree=ALL-UNNAMED --add-opens=java.desktop/javax.swing.plaf.basic=ALL-UNNAMED --add-opens=java.desktop/javax.swing.plaf.synth=ALL-UNNAMED --add-opens=java.desktop/com.sun.awt=ALL-UNNAMED -XX:NewSize=60m -XX:MaxNewSize=60m -Xms128m -Xmx3072m -Xss5m 

Host: Intel(R) Core(TM) i7-10510U CPU @ 1.80GHz, 8 cores, 15G,  Windows 10 , 64 bit Build 19041 (10.0.19041.5438)
Time: Tue Mar 25 16:29:17 2025 Eastern Daylight Time elapsed time: 6261 seconds (0d 1h 44m 21s)

---------------  T H R E A D  ---------------

Current thread (0x00000117d9911000):  JavaThread "AWT-EventQueue-1" [_thread_in_native, id=14160, stack(0x0000000fbc800000,0x0000000fbcd00000)]

Stack: [0x0000000fbc800000,0x0000000fbcd00000],  sp=0x0000000fbccf9c50,  free space=5095k
Native frames: (J=compiled Java code, j=interpreted, Vv=VM code, C=native code)
C  [librdi_common.dll+0x17a605]
C  [librdi_common.dll+0x16f315]
C  [librdi_common.dll+0x138d2a]
C  [librdi_wavedata.dll+0x263c4a]
C  [librdi_wavedata.dll+0x263230]
C  [librdi_wavedata.dll+0x263ef3]
C  [librdi_wavedata.dll+0x237fb3]
C  [librdi_wavedata.dll+0x238032]
C  [librdi_wavedata.dll+0x2380d1]
C  [librdi_wavedata.dll+0x22ea27]
C  [librdi_wavedata.dll+0x26a74f]
C  0x00000117c75cb03a

Java frames: (J=compiled Java code, j=interpreted, Vv=VM code)
J 20462  ui.views.waveform.waveformi.WVExecutive_getNameDataSize(J)J (0 bytes) @ 0x00000117c75cafa1 [0x00000117c75caf60+0x0000000000000041]
J 20461 c1 ui.views.waveform.executive.a.gBl()Lui/views/waveform/executive/protobuf/WVNameValue$WVNameTreeMessage; (70 bytes) @ 0x00000117c02394a4 [0x00000117c0239420+0x0000000000000084]
J 20731 c1 ui.views.waveform.f.a.gBQ()Ljavax/swing/tree/TreeModel; (136 bytes) @ 0x00000117c0a4c954 [0x00000117c0a4c840+0x0000000000000114]
J 20364 c1 ui.views.waveform.f.a.cPh()V (54 bytes) @ 0x00000117c00bf5fc [0x00000117c00bf580+0x000000000000007c]
J 20000 c1 ui.views.waveform.w.cPh()V (38 bytes) @ 0x00000117bf752264 [0x00000117bf751880+0x00000000000009e4]
J 16632 c1 ui.views.waveform.c.b.j(Lui/frmwork/b/i;)V (589 bytes) @ 0x00000117c028a6bc [0x00000117c0283ba0+0x0000000000006b1c]
J 16631 c1 ui.views.waveform.w.a(Lui/frmwork/b/i;)V (17 bytes) @ 0x00000117bf2a4b94 [0x00000117bf2a4ac0+0x00000000000000d4]
J 27513 c1 ui.frmwork.b.l.d(Lui/frmwork/b/i;)V (61 bytes) @ 0x00000117c040429c [0x00000117c0403a40+0x000000000000085c]
J 26379 c1 ui.frmwork.HTclEventBroker.i(JZ)V (471 bytes) @ 0x00000117c152915c [0x00000117c1525180+0x0000000000003fdc]
J 23145 c2 ui.frmwork.HTclEventBroker.fireTclEvent(J)I (113 bytes) @ 0x00000117c7e12c1c [0x00000117c7e12460+0x00000000000007bc]
v  ~StubRoutines::call_stub
j  ui.views.waveform.waveformi.WVExecutive_scrollHSBTo(JI)V+0
J 22507 c1 ui.views.waveform.c.b.c(Ljava/awt/event/AdjustmentEvent;)V (429 bytes) @ 0x00000117c0c0764c [0x00000117c0c06700+0x0000000000000f4c]
J 21456 c1 ui.views.waveform.t.adjustmentValueChanged(Ljava/awt/event/AdjustmentEvent;)V (15 bytes) @ 0x00000117c07f8074 [0x00000117c07f7fc0+0x00000000000000b4]
J 27373 c2 javax.swing.JScrollBar.fireAdjustmentValueChanged(IIIZ)V java.desktop@9.0.4 (78 bytes) @ 0x00000117c7488a00 [0x00000117c7488840+0x00000000000001c0]
J 25676 c1 javax.swing.JScrollBar$ModelListener.stateChanged(Ljavax/swing/event/ChangeEvent;)V java.desktop@9.0.4 (58 bytes) @ 0x00000117c13e1a3c [0x00000117c13e1600+0x000000000000043c]
J 22779 c2 javax.swing.JScrollBar.setValue(I)V java.desktop@9.0.4 (49 bytes) @ 0x00000117c75e5424 [0x00000117c75e5240+0x00000000000001e4]
J 23018 c1 javax.swing.plaf.basic.BasicScrollBarUI$TrackListener.setValueFrom(Ljava/awt/event/MouseEvent;)V java.desktop@9.0.4 (494 bytes) @ 0x00000117c1edd194 [0x00000117c1edbec0+0x00000000000012d4]
J 23007 c1 javax.swing.plaf.basic.BasicScrollBarUI$TrackListener.mouseDragged(Ljava/awt/event/MouseEvent;)V java.desktop@9.0.4 (106 bytes) @ 0x00000117c1ed5edc [0x00000117c1ed5800+0x00000000000006dc]
J 22947 c2 javax.swing.JComponent.processMouseMotionEvent(Ljava/awt/event/MouseEvent;)V java.desktop@9.0.4 (46 bytes) @ 0x00000117c7d7c74c [0x00000117c7d7c4e0+0x000000000000026c]
J 20794 c2 java.awt.Container.processEvent(Ljava/awt/AWTEvent;)V java.desktop@9.0.4 (22 bytes) @ 0x00000117c7b7a604 [0x00000117c7b7a480+0x0000000000000184]
J 27157 c2 java.awt.Component.dispatchEventImpl(Ljava/awt/AWTEvent;)V java.desktop@9.0.4 (739 bytes) @ 0x00000117c7f592f4 [0x00000117c7f58ac0+0x0000000000000834]
J 20119 c2 java.awt.Container.dispatchEventImpl(Ljava/awt/AWTEvent;)V java.desktop@9.0.4 (129 bytes) @ 0x00000117c6eb5e48 [0x00000117c6eb5ce0+0x0000000000000168]
J 16738 c2 java.awt.LightweightDispatcher.retargetMouseEvent(Ljava/awt/Component;ILjava/awt/event/MouseEvent;)V java.desktop@9.0.4 (350 bytes) @ 0x00000117c6f084ac [0x00000117c6f07fa0+0x000000000000050c]
J 18620 c2 java.awt.LightweightDispatcher.processMouseEvent(Ljava/awt/event/MouseEvent;)Z java.desktop@9.0.4 (265 bytes) @ 0x00000117c788c9d0 [0x00000117c788c2a0+0x0000000000000730]
J 20119 c2 java.awt.Container.dispatchEventImpl(Ljava/awt/AWTEvent;)V java.desktop@9.0.4 (129 bytes) @ 0x00000117c6eb5d98 [0x00000117c6eb5ce0+0x00000000000000b8]
J 18579 c2 java.awt.Window.dispatchEventImpl(Ljava/awt/AWTEvent;)V java.desktop@9.0.4 (23 bytes) @ 0x00000117c787da0c [0x00000117c787d9c0+0x000000000000004c]
J 19014 c2 java.awt.EventQueue.dispatchEventImpl(Ljava/awt/AWTEvent;Ljava/lang/Object;)V java.desktop@9.0.4 (136 bytes) @ 0x00000117c7957ef8 [0x00000117c7957d80+0x0000000000000178]
J 14276 c2 java.awt.EventQueue$3.run()Ljava/lang/Object; java.desktop@9.0.4 (5 bytes) @ 0x00000117c6b282ac [0x00000117c6b28240+0x000000000000006c]
v  ~StubRoutines::call_stub
J 8107  java.security.AccessController.doPrivileged(Ljava/security/PrivilegedAction;Ljava/security/AccessControlContext;)Ljava/lang/Object; java.base@9.0.4 (0 bytes) @ 0x00000117c6c5c846 [0x00000117c6c5c7e0+0x0000000000000066]
J 18400 c2 java.awt.EventQueue$4.run()Ljava/lang/Object; java.desktop@9.0.4 (5 bytes) @ 0x00000117c783f534 [0x00000117c783f2e0+0x0000000000000254]
v  ~StubRoutines::call_stub
J 8107  java.security.AccessController.doPrivileged(Ljava/security/PrivilegedAction;Ljava/security/AccessControlContext;)Ljava/lang/Object; java.base@9.0.4 (0 bytes) @ 0x00000117c6c5c846 [0x00000117c6c5c7e0+0x0000000000000066]
J 16662 c2 ui.frmwork.b.d.dispatchEvent(Ljava/awt/AWTEvent;)V (34 bytes) @ 0x00000117c6c9a218 [0x00000117c6c99800+0x0000000000000a18]
J 23722 c2 java.awt.EventDispatchThread.pumpOneEventForFilters(I)V java.desktop@9.0.4 (218 bytes) @ 0x00000117c790a428 [0x00000117c790a180+0x00000000000002a8]
J 20686% c2 java.awt.EventDispatchThread.pumpEventsForFilter(ILjava/awt/Conditional;Ljava/awt/EventFilter;)V java.desktop@9.0.4 (47 bytes) @ 0x00000117c7b4a658 [0x00000117c7b4a540+0x0000000000000118]
j  java.awt.EventDispatchThread.pumpEventsForHierarchy(ILjava/awt/Conditional;Ljava/awt/Component;)V+11 java.desktop@9.0.4
j  java.awt.EventDispatchThread.pumpEvents(ILjava/awt/Conditional;)V+4 java.desktop@9.0.4
j  java.awt.EventDispatchThread.pumpEvents(Ljava/awt/Conditional;)V+3 java.desktop@9.0.4
j  java.awt.EventDispatchThread.run()V+9 java.desktop@9.0.4
v  ~StubRoutines::call_stub

siginfo: EXCEPTION_ACCESS_VIOLATION (0xc0000005), reading address 0xffffffffffffffff


Register to memory mapping:

RIP=0x00007ff9cfb3a605 librdi_common.dll
RAX=0x00000117ade7dc01 is an unknown value
RBX=0x9004c800966a9392 is an unknown value
RCX=0x00000117ade7dc70 is an unknown value
RDX=0x9004c800966a9392 is an unknown value
RSP=0x0000000fbccf9c50 is pointing into the stack for thread: 0x00000117d9911000
RBP=0x0000000fbccf9d80 is pointing into the stack for thread: 0x00000117d9911000
RSI=0x00000117e7fa4080 is an unknown value
RDI=0x0000000fbccf9e68 is pointing into the stack for thread: 0x00000117d9911000
R8 =0x0000000fbccf9e68 is pointing into the stack for thread: 0x00000117d9911000
R9 =0x0000000000000000 is an unknown value
R10=0x00007ffa61890000 VCRUNTIME140.dll
R11=0xa90d130100248343 is an unknown value
R12=0x0000000fbccf9e68 is pointing into the stack for thread: 0x00000117d9911000
R13=0x0000000000000000 is an unknown value
R14=0x00000117ac240fe0 is an unknown value
R15=0x9004c800966a9392 is an unknown value


Registers:
RAX=0x00000117ade7dc01, RBX=0x9004c800966a9392, RCX=0x00000117ade7dc70, RDX=0x9004c800966a9392
RSP=0x0000000fbccf9c50, RBP=0x0000000fbccf9d80, RSI=0x00000117e7fa4080, RDI=0x0000000fbccf9e68
R8 =0x0000000fbccf9e68, R9 =0x0000000000000000, R10=0x00007ffa61890000, R11=0xa90d130100248343
R12=0x0000000fbccf9e68, R13=0x0000000000000000, R14=0x00000117ac240fe0, R15=0x9004c800966a9392
RIP=0x00007ff9cfb3a605, EFLAGS=0x0000000000010202

Top of Stack: (sp=0x0000000fbccf9c50)
0x0000000fbccf9c50:   fffffffffffffffe 000001178c8488f0
0x0000000fbccf9c60:   0000000000003750 9004c800966a9392
0x0000000fbccf9c70:   9004c800966a9392 00007ff9cfb2f315
0x0000000fbccf9c80:   000001178c848888 00007ffa612327a8
0x0000000fbccf9c90:   000001178c848888 0000000000000013
0x0000000fbccf9ca0:   000047cb17ea91f4 000001178c848888
0x0000000fbccf9cb0:   0000000000000002 00007ff9cfb98de5
0x0000000fbccf9cc0:   00000117d9641db0 000001178c8488a8
0x0000000fbccf9cd0:   0000000fbccf9ed9 00007ff9d07b7e50
0x0000000fbccf9ce0:   fffffffffffffffe 00007ff9d00e3cc5
0x0000000fbccf9cf0:   fffffffffffffffe 00007ff9d07b7e50
0x0000000fbccf9d00:   000001178c848860 00000117ac321e78
0x0000000fbccf9d10:   0000000fbccf9e68 00007ff9cfb980d6
0x0000000fbccf9d20:   000001178c848860 0000000fbccf9e68
0x0000000fbccf9d30:   0000011700000002 0000000000000000
0x0000000fbccf9d40:   fffffffffffffffe 0000000000000000 

Instructions: (pc=0x00007ff9cfb3a605)
0x00007ff9cfb3a5e5:   20 48 8b d9 e8 22 c4 04 00 48 8b c8 48 8b d3 e8
0x00007ff9cfb3a5f5:   27 0d 05 00 84 c0 75 08 33 c0 48 83 c4 20 5b c3
0x00007ff9cfb3a605:   48 8b 4b 50 48 85 c9 74 0a 48 83 c4 20 5b e9 68
0x00007ff9cfb3a615:   e2 04 00 48 8b d3 48 8d 0d 56 78 71 00 e8 59 b7 



---------------  P R O C E S S  ---------------

Java Threads: ( => current thread )
  0x000001178b431000 JavaThread "Relaunch Simulation" [_thread_in_native, id=38380, stack(0x0000000fc1900000,0x0000000fc1e00000)]
  0x00000117ea3df000 JavaThread "Thread-3916" [_thread_in_native, id=31276, stack(0x0000000fb5300000,0x0000000fb5400000)]
  0x00000117ea3dd800 JavaThread "Thread-3822" [_thread_in_native, id=40792, stack(0x0000000fbee00000,0x0000000fbef00000)]
  0x00000117ea3de000 JavaThread "Thread-3351" [_thread_in_native, id=25132, stack(0x0000000fbe200000,0x0000000fbe300000)]
  0x00000117ea3e1000 JavaThread "Thread-3266" [_thread_in_native, id=44212, stack(0x0000000fbe300000,0x0000000fbe400000)]
  0x00000117e7d3d800 JavaThread "Thread-2691" [_thread_in_native, id=43592, stack(0x0000000fbe100000,0x0000000fbe200000)]
  0x00000117b7f5c800 JavaThread "Thread-2608" [_thread_in_native, id=32324, stack(0x0000000fbe200000,0x0000000fbe300000)]
  0x00000117e7d3e800 JavaThread "Thread-2509" [_thread_in_native, id=33684, stack(0x0000000fb5300000,0x0000000fb5400000)]
  0x00000117b7f5c000 JavaThread "Thread-2423" [_thread_in_native, id=36180, stack(0x0000000fbe100000,0x0000000fbe200000)]
  0x00000117b7f5f000 JavaThread "Thread-2406" [_thread_in_native, id=32744, stack(0x0000000fb5300000,0x0000000fb5400000)]
  0x00000117e7d3f000 JavaThread "Thread-2381" [_thread_in_native, id=44804, stack(0x0000000fb5300000,0x0000000fb5400000)]
  0x00000117e7d32800 JavaThread "Thread-2316" [_thread_in_native, id=32368, stack(0x0000000fbe100000,0x0000000fbe200000)]
  0x00000117e7d3b800 JavaThread "Monitor File Timestamp Swing Worker" [_thread_blocked, id=6640, stack(0x0000000fc2800000,0x0000000fc2d00000)]
  0x00000117e7d3a000 JavaThread "Timer-2" [_thread_blocked, id=30664, stack(0x0000000fc2300000,0x0000000fc2800000)]
  0x00000117e7d3d000 JavaThread "Thread-2233" [_thread_in_native, id=14004, stack(0x0000000fbe100000,0x0000000fbe200000)]
  0x00000117e7d31000 JavaThread "Thread-2209" [_thread_in_native, id=32888, stack(0x0000000fc0600000,0x0000000fc0700000)]
  0x00000117e7d39000 JavaThread "Thread-1829" [_thread_in_native, id=39916, stack(0x0000000fbee00000,0x0000000fbef00000)]
  0x00000117e7d31800 JavaThread "Thread-1733" [_thread_in_native, id=41808, stack(0x0000000fbef00000,0x0000000fbf000000)]
  0x00000117e7d34800 JavaThread "Thread-1370" [_thread_in_native, id=31028, stack(0x0000000fbe200000,0x0000000fbe300000)]
  0x00000117e7d36000 JavaThread "Thread-1184" [_thread_in_native, id=42516, stack(0x0000000fbe100000,0x0000000fbe200000)]
  0x00000117e7d34000 JavaThread "Thread-271" [_thread_in_native, id=33164, stack(0x0000000fb5200000,0x0000000fb5300000)]
  0x00000117b7f60800 JavaThread "SyntheticaAnimation 50" daemon [_thread_blocked, id=23392, stack(0x0000000fbfb00000,0x0000000fc0000000)]
  0x00000117b7664000 JavaThread "Thread-227" [_thread_in_native, id=4832, stack(0x0000000fb5200000,0x0000000fb5300000)]
  0x00000117b7662800 JavaThread "Image Animator 0" daemon [_thread_blocked, id=23564, stack(0x0000000fc1e00000,0x0000000fc2300000)]
  0x00000117b7f5f800 JavaThread "Monitor File Timestamp Swing Worker" [_thread_blocked, id=10392, stack(0x0000000fc1400000,0x0000000fc1900000)]
  0x00000117b7f55000 JavaThread "Timer-1" [_thread_blocked, id=22768, stack(0x0000000fc0900000,0x0000000fc0e00000)]
  0x00000117b7f5e000 JavaThread "SyntheticaAnimation 50" daemon [_thread_blocked, id=10216, stack(0x0000000fc0f00000,0x0000000fc1400000)]
  0x00000117b7f54800 JavaThread "hw_ila_monitor" [_thread_blocked, id=36656, stack(0x0000000fbf600000,0x0000000fbfb00000)]
  0x00000117b7f53000 JavaThread "Update Runs Swing Worker" [_thread_blocked, id=37572, stack(0x0000000fc0000000,0x0000000fc0500000)]
  0x00000117b7f56800 JavaThread "Refresh Filesets Swing Worker" [_thread_blocked, id=29864, stack(0x0000000fbd200000,0x0000000fbd700000)]
  0x00000117b7667000 JavaThread "SyntheticaAnimation 70" daemon [_thread_blocked, id=30472, stack(0x0000000fbf100000,0x0000000fbf600000)]
  0x00000117b7668000 JavaThread "Swing-Shell" daemon [_thread_blocked, id=16692, stack(0x0000000fbbe00000,0x0000000fbc300000)]
  0x00000117b7662000 JavaThread "SyntheticaAnimation 25" daemon [_thread_blocked, id=15572, stack(0x0000000fbe900000,0x0000000fbee00000)]
  0x00000117b7665800 JavaThread "SyntheticaAnimation 50" daemon [_thread_blocked, id=35064, stack(0x0000000fbe400000,0x0000000fbe900000)]
  0x00000117b7665000 JavaThread "Monitor HEventQueue" [_thread_blocked, id=37480, stack(0x0000000fbd700000,0x0000000fbdc00000)]
  0x00000117b7661000 JavaThread "Batik CleanerThread" daemon [_thread_blocked, id=6868, stack(0x0000000fbdc00000,0x0000000fbe100000)]
  0x00000117b7663800 JavaThread "SyntheticaCleanerThread" daemon [_thread_blocked, id=28784, stack(0x0000000fbaf00000,0x0000000fbb400000)]
  0x00000117b8088000 JavaThread "Process Messages" [_thread_blocked, id=30416, stack(0x0000000fbcd00000,0x0000000fbd200000)]
=>0x00000117d9911000 JavaThread "AWT-EventQueue-1" [_thread_in_native, id=14160, stack(0x0000000fbc800000,0x0000000fbcd00000)]
  0x00000117d9910800 JavaThread "AWT-Shutdown" [_thread_blocked, id=6452, stack(0x0000000fbc300000,0x0000000fbc800000)]
  0x00000117d97cd000 JavaThread "Thread-1" [_thread_in_native, id=41208, stack(0x0000000fb5600000,0x0000000fb6a00000)]
  0x00000117d9490000 JavaThread "TimerQueue" daemon [_thread_blocked, id=36612, stack(0x0000000fbb900000,0x0000000fbbe00000)]
  0x00000117b7e46000 JavaThread "AWT-Windows" daemon [_thread_in_native, id=15864, stack(0x0000000fbb400000,0x0000000fbb900000)]
  0x00000117b7d86000 JavaThread "Java2D Disposer" daemon [_thread_blocked, id=35076, stack(0x0000000fbaa00000,0x0000000fbaf00000)]
  0x00000117b7869000 JavaThread "Service Thread" daemon [_thread_blocked, id=44288, stack(0x0000000fba400000,0x0000000fba900000)]
  0x00000117b40af000 JavaThread "Common-Cleaner" daemon [_thread_blocked, id=39512, stack(0x0000000fb9f00000,0x0000000fba400000)]
  0x00000117b7666800 JavaThread "Sweeper thread" daemon [_thread_blocked, id=43552, stack(0x0000000fb9a00000,0x0000000fb9f00000)]
  0x00000117b43c8000 JavaThread "C1 CompilerThread3" daemon [_thread_blocked, id=41768, stack(0x0000000fb9900000,0x0000000fb9a00000)]
  0x00000117b43c6800 JavaThread "C2 CompilerThread2" daemon [_thread_blocked, id=39376, stack(0x0000000fb9800000,0x0000000fb9900000)]
  0x00000117b43c5800 JavaThread "C2 CompilerThread1" daemon [_thread_blocked, id=43844, stack(0x0000000fb9700000,0x0000000fb9800000)]
  0x00000117b3cdd000 JavaThread "C2 CompilerThread0" daemon [_thread_blocked, id=31984, stack(0x0000000fb9600000,0x0000000fb9700000)]
  0x00000117b3cdc800 JavaThread "Attach Listener" daemon [_thread_blocked, id=39468, stack(0x0000000fb9100000,0x0000000fb9600000)]
  0x00000117b71ce800 JavaThread "Signal Dispatcher" daemon [_thread_blocked, id=32584, stack(0x0000000fb8c00000,0x0000000fb9100000)]
  0x00000117b71cd800 JavaThread "Finalizer" daemon [_thread_blocked, id=8252, stack(0x0000000fb8700000,0x0000000fb8c00000)]
  0x00000117b3666000 JavaThread "Reference Handler" daemon [_thread_blocked, id=41500, stack(0x0000000fb8200000,0x0000000fb8700000)]
  0x00000117b6055800 JavaThread "main" [_thread_blocked, id=12920, stack(0x0000000fb5500000,0x0000000fb5600000)]

Other Threads:
  0x00000117b3665800 VMThread "VM Thread" [stack: 0x0000000fb8100000,0x0000000fb8200000] [id=26488]
  0x00000117b787a800 WatcherThread [stack: 0x0000000fba900000,0x0000000fbaa00000] [id=44840]
  0x00000117b6056000 GCTaskThread "GC Thread#0" [stack: 0x0000000fb6d00000,0x0000000fb6e00000] [id=32560]
  0x00000117b57b6000 GCTaskThread "GC Thread#1" [stack: 0x0000000fb6e00000,0x0000000fb6f00000] [id=41740]
  0x00000117b61f5000 GCTaskThread "GC Thread#2" [stack: 0x0000000fb6f00000,0x0000000fb7000000] [id=43048]
  0x00000117b3864800 GCTaskThread "GC Thread#3" [stack: 0x0000000fb7000000,0x0000000fb7100000] [id=41260]
  0x00000117b3865000 GCTaskThread "GC Thread#4" [stack: 0x0000000fb7100000,0x0000000fb7200000] [id=39752]
  0x00000117b209e800 GCTaskThread "GC Thread#5" [stack: 0x0000000fb7200000,0x0000000fb7300000] [id=7956]
  0x00000117b209f000 GCTaskThread "GC Thread#6" [stack: 0x0000000fb7300000,0x0000000fb7400000] [id=27876]
  0x00000117b594e800 GCTaskThread "GC Thread#7" [stack: 0x0000000fb7400000,0x0000000fb7500000] [id=33320]
  0x00000117b1bd4000 ConcurrentGCThread "G1 Main Marker" [stack: 0x0000000fb7e00000,0x0000000fb7f00000] [id=4532]
  0x00000117b1bd4800 ConcurrentGCThread "G1 Marker#0" [stack: 0x0000000fb7f00000,0x0000000fb8000000] [id=39788]
  0x00000117b358c800 ConcurrentGCThread "G1 Marker#1" [stack: 0x0000000fb8000000,0x0000000fb8100000] [id=3904]
  0x00000117b3d88800 ConcurrentGCThread "G1 Refine#0" [stack: 0x0000000fb7c00000,0x0000000fb7d00000] [id=24448]
  0x00000117b3d87800 ConcurrentGCThread "G1 Refine#1" [stack: 0x0000000fb7b00000,0x0000000fb7c00000] [id=31976]
  0x00000117b21e4000 ConcurrentGCThread "G1 Refine#2" [stack: 0x0000000fb7a00000,0x0000000fb7b00000] [id=35844]
  0x00000117b21e3800 ConcurrentGCThread "G1 Refine#3" [stack: 0x0000000fb7900000,0x0000000fb7a00000] [id=22792]
  0x00000117b55a5800 ConcurrentGCThread "G1 Refine#4" [stack: 0x0000000fb7800000,0x0000000fb7900000] [id=35748]
  0x00000117b1f6c000 ConcurrentGCThread "G1 Refine#5" [stack: 0x0000000fb7700000,0x0000000fb7800000] [id=24724]
  0x00000117b1f6b800 ConcurrentGCThread "G1 Refine#6" [stack: 0x0000000fb7600000,0x0000000fb7700000] [id=34156]
  0x00000117b594f000 ConcurrentGCThread "G1 Refine#7" [stack: 0x0000000fb7500000,0x0000000fb7600000] [id=7176]
  0x00000117b6701800 ConcurrentGCThread "G1 Young RemSet Sampling" [stack: 0x0000000fb7d00000,0x0000000fb7e00000] [id=27376]

Threads with active compile tasks:

VM state:not at safepoint (normal execution)

VM Mutex/Monitor currently owned by a thread: None

Heap address: 0x0000000700000000, size: 3072 MB, Compressed Oops mode: Zero based, Oop shift amount: 3
Narrow klass base: 0x0000000000000000, Narrow klass shift: 3
Compressed class space size: 1073741824 Address: 0x00000007c0000000

Heap:
 garbage-first heap   total 317440K, used 95063K [0x0000000700000000, 0x00000007001009b0, 0x00000007c0000000)
  region size 1024K, 1 young (1024K), 0 survivors (0K)
 Metaspace       used 96338K, capacity 99286K, committed 105264K, reserved 1138688K
  class space    used 13315K, capacity 13879K, committed 15152K, reserved 1048576K
Heap Regions: E=young(eden), S=young(survivor), O=old, HS=humongous(starts), HC=humongous(continues), CS=collection set, F=free, A=archive, TS=gc time stamp, AC=allocation context, TAMS=top-at-mark-start (previous, next)
|   0|0x0000000700000000, 0x00000007000e5748, 0x0000000700100000| 89%| O|  |TS  0|AC  0|TAMS 0x0000000700000000, 0x0000000700000000|
|   1|0x0000000700100000, 0x0000000700200000, 0x0000000700200000|100%|HS|  |TS  0|AC  0|TAMS 0x0000000700100000, 0x0000000700100000|
|   2|0x0000000700200000, 0x0000000700300000, 0x0000000700300000|100%|HC|  |TS  0|AC  0|TAMS 0x0000000700200000, 0x0000000700200000|
|   3|0x0000000700300000, 0x0000000700400000, 0x0000000700400000|100%|HS|  |TS  0|AC  0|TAMS 0x0000000700300000, 0x0000000700300000|
|   4|0x0000000700400000, 0x0000000700500000, 0x0000000700500000|100%| O|  |TS  0|AC  0|TAMS 0x0000000700400000, 0x0000000700400000|
|   5|0x0000000700500000, 0x00000007005fffe0, 0x0000000700600000| 99%| O|  |TS  0|AC  0|TAMS 0x0000000700500000, 0x0000000700500000|
|   6|0x0000000700600000, 0x00000007006f5a98, 0x0000000700700000| 95%| O|  |TS  0|AC  0|TAMS 0x0000000700600000, 0x0000000700600000|
|   7|0x0000000700700000, 0x00000007007fffe8, 0x0000000700800000| 99%| O|  |TS  0|AC  0|TAMS 0x0000000700700000, 0x0000000700700000|
|   8|0x0000000700800000, 0x00000007008d2ae8, 0x0000000700900000| 82%| O|  |TS  0|AC  0|TAMS 0x0000000700800000, 0x0000000700800000|
|   9|0x0000000700900000, 0x00000007009ffff8, 0x0000000700a00000| 99%| O|  |TS  0|AC  0|TAMS 0x0000000700900000, 0x0000000700900000|
|  10|0x0000000700a00000, 0x0000000700aff8b8, 0x0000000700b00000| 99%| O|  |TS  0|AC  0|TAMS 0x0000000700a00000, 0x0000000700a00000|
|  11|0x0000000700b00000, 0x0000000700bf7470, 0x0000000700c00000| 96%| O|  |TS  0|AC  0|TAMS 0x0000000700b00000, 0x0000000700b00000|
|  12|0x0000000700c00000, 0x0000000700cd3ba8, 0x0000000700d00000| 82%| O|  |TS  0|AC  0|TAMS 0x0000000700c00000, 0x0000000700c00000|
|  13|0x0000000700d00000, 0x0000000700e00000, 0x0000000700e00000|100%| O|  |TS  0|AC  0|TAMS 0x0000000700d00000, 0x0000000700d00000|
|  14|0x0000000700e00000, 0x0000000700ee2238, 0x0000000700f00000| 88%| O|  |TS  0|AC  0|TAMS 0x0000000700e00000, 0x0000000700e00000|
|  15|0x0000000700f00000, 0x0000000700fffff0, 0x0000000701000000| 99%| O|  |TS  0|AC  0|TAMS 0x0000000700f00000, 0x0000000700f00000|
|  16|0x0000000701000000, 0x00000007010ffff0, 0x0000000701100000| 99%| O|  |TS  0|AC  0|TAMS 0x0000000701000000, 0x0000000701000000|
|  17|0x0000000701100000, 0x0000000701200000, 0x0000000701200000|100%| O|  |TS  0|AC  0|TAMS 0x0000000701100000, 0x0000000701100000|
|  18|0x0000000701200000, 0x0000000701300000, 0x0000000701300000|100%| O|  |TS  0|AC  0|TAMS 0x0000000701200000, 0x0000000701200000|
|  19|0x0000000701300000, 0x00000007013ffff8, 0x0000000701400000| 99%| O|  |TS  0|AC  0|TAMS 0x0000000701300000, 0x0000000701300000|
|  20|0x0000000701400000, 0x00000007014ffe98, 0x0000000701500000| 99%| O|  |TS  0|AC  0|TAMS 0x0000000701400000, 0x0000000701400000|
|  21|0x0000000701500000, 0x0000000701600000, 0x0000000701600000|100%| O|  |TS  0|AC  0|TAMS 0x0000000701500000, 0x0000000701500000|
|  22|0x0000000701600000, 0x00000007016fffd8, 0x0000000701700000| 99%| O|  |TS  0|AC  0|TAMS 0x0000000701600000, 0x0000000701600000|
|  23|0x0000000701700000, 0x0000000701800000, 0x0000000701800000|100%| O|  |TS  0|AC  0|TAMS 0x0000000701700000, 0x0000000701700000|
|  24|0x0000000701800000, 0x00000007018ffed8, 0x0000000701900000| 99%| O|  |TS  0|AC  0|TAMS 0x0000000701800000, 0x0000000701800000|
|  25|0x0000000701900000, 0x00000007019fff40, 0x0000000701a00000| 99%| O|  |TS  0|AC  0|TAMS 0x0000000701900000, 0x0000000701900000|
|  26|0x0000000701a00000, 0x0000000701affff8, 0x0000000701b00000| 99%| O|  |TS  0|AC  0|TAMS 0x0000000701a00000, 0x0000000701a00000|
|  27|0x0000000701b00000, 0x0000000701bffff8, 0x0000000701c00000| 99%| O|  |TS  0|AC  0|TAMS 0x0000000701b00000, 0x0000000701b00000|
|  28|0x0000000701c00000, 0x0000000701d00000, 0x0000000701d00000|100%| O|  |TS  0|AC  0|TAMS 0x0000000701c00000, 0x0000000701c00000|
|  29|0x0000000701d00000, 0x0000000701e00000, 0x0000000701e00000|100%| O|  |TS  0|AC  0|TAMS 0x0000000701d00000, 0x0000000701d00000|
|  30|0x0000000701e00000, 0x0000000701eeb338, 0x0000000701f00000| 91%| O|  |TS  0|AC  0|TAMS 0x0000000701e00000, 0x0000000701e00000|
|  31|0x0000000701f00000, 0x0000000701ffdd18, 0x0000000702000000| 99%| O|  |TS  0|AC  0|TAMS 0x0000000701f00000, 0x0000000701f00000|
|  32|0x0000000702000000, 0x00000007020fffd8, 0x0000000702100000| 99%| O|  |TS  0|AC  0|TAMS 0x0000000702000000, 0x0000000702000000|
|  33|0x0000000702100000, 0x00000007021fffe8, 0x0000000702200000| 99%| O|  |TS  0|AC  0|TAMS 0x0000000702100000, 0x0000000702100000|
|  34|0x0000000702200000, 0x00000007022ffff0, 0x0000000702300000| 99%| O|  |TS  0|AC  0|TAMS 0x0000000702200000, 0x0000000702200000|
|  35|0x0000000702300000, 0x00000007023ffff0, 0x0000000702400000| 99%| O|  |TS  0|AC  0|TAMS 0x0000000702300000, 0x0000000702300000|
|  36|0x0000000702400000, 0x00000007024feb30, 0x0000000702500000| 99%| O|  |TS  0|AC  0|TAMS 0x0000000702400000, 0x0000000702400000|
|  37|0x0000000702500000, 0x00000007025fffd0, 0x0000000702600000| 99%| O|  |TS  0|AC  0|TAMS 0x0000000702500000, 0x0000000702500000|
|  38|0x0000000702600000, 0x00000007026ffff8, 0x0000000702700000| 99%| O|  |TS  0|AC  0|TAMS 0x0000000702600000, 0x0000000702600000|
|  39|0x0000000702700000, 0x00000007027fffc0, 0x0000000702800000| 99%| O|  |TS  0|AC  0|TAMS 0x0000000702700000, 0x0000000702700000|
|  40|0x0000000702800000, 0x00000007028fe6a8, 0x0000000702900000| 99%| O|  |TS  0|AC  0|TAMS 0x0000000702800000, 0x0000000702800000|
|  41|0x0000000702900000, 0x0000000702a00000, 0x0000000702a00000|100%|HS|  |TS  0|AC  0|TAMS 0x0000000702900000, 0x0000000702900000|
|  42|0x0000000702a00000, 0x0000000702b00000, 0x0000000702b00000|100%|HC|  |TS  0|AC  0|TAMS 0x0000000702a00000, 0x0000000702a00000|
|  43|0x0000000702b00000, 0x0000000702c00000, 0x0000000702c00000|100%|HC|  |TS  0|AC  0|TAMS 0x0000000702b00000, 0x0000000702b00000|
|  44|0x0000000702c00000, 0x0000000702d00000, 0x0000000702d00000|100%|HC|  |TS  0|AC  0|TAMS 0x0000000702c00000, 0x0000000702c00000|
|  45|0x0000000702d00000, 0x0000000702e00000, 0x0000000702e00000|100%|HC|  |TS  0|AC  0|TAMS 0x0000000702d00000, 0x0000000702d00000|
|  46|0x0000000702e00000, 0x0000000702f00000, 0x0000000702f00000|100%|HC|  |TS  0|AC  0|TAMS 0x0000000702e00000, 0x0000000702e00000|
|  47|0x0000000702f00000, 0x0000000703000000, 0x0000000703000000|100%|HC|  |TS  0|AC  0|TAMS 0x0000000702f00000, 0x0000000702f00000|
|  48|0x0000000703000000, 0x0000000703100000, 0x0000000703100000|100%|HC|  |TS  0|AC  0|TAMS 0x0000000703000000, 0x0000000703000000|
|  49|0x0000000703100000, 0x00000007031f6f88, 0x0000000703200000| 96%| O|  |TS  0|AC  0|TAMS 0x0000000703100000, 0x0000000703100000|
|  50|0x0000000703200000, 0x00000007032fffa0, 0x0000000703300000| 99%| O|  |TS  0|AC  0|TAMS 0x0000000703200000, 0x0000000703200000|
|  51|0x0000000703300000, 0x00000007033ff9f8, 0x0000000703400000| 99%| O|  |TS  0|AC  0|TAMS 0x0000000703300000, 0x0000000703300000|
|  52|0x0000000703400000, 0x0000000703500000, 0x0000000703500000|100%| O|  |TS  0|AC  0|TAMS 0x0000000703400000, 0x0000000703400000|
|  53|0x0000000703500000, 0x00000007035ffff8, 0x0000000703600000| 99%| O|  |TS  0|AC  0|TAMS 0x0000000703500000, 0x0000000703500000|
|  54|0x0000000703600000, 0x00000007036ffff8, 0x0000000703700000| 99%| O|  |TS  0|AC  0|TAMS 0x0000000703600000, 0x0000000703600000|
|  55|0x0000000703700000, 0x00000007037ffff8, 0x0000000703800000| 99%| O|  |TS  0|AC  0|TAMS 0x0000000703700000, 0x0000000703700000|
|  56|0x0000000703800000, 0x0000000703900000, 0x0000000703900000|100%| O|  |TS  0|AC  0|TAMS 0x0000000703800000, 0x0000000703800000|
|  57|0x0000000703900000, 0x0000000703a00000, 0x0000000703a00000|100%| O|  |TS  0|AC  0|TAMS 0x0000000703900000, 0x0000000703900000|
|  58|0x0000000703a00000, 0x0000000703affff0, 0x0000000703b00000| 99%| O|  |TS  0|AC  0|TAMS 0x0000000703a00000, 0x0000000703a00000|
|  59|0x0000000703b00000, 0x0000000703bffff8, 0x0000000703c00000| 99%| O|  |TS  0|AC  0|TAMS 0x0000000703b00000, 0x0000000703b00000|
|  60|0x0000000703c00000, 0x0000000703cffff0, 0x0000000703d00000| 99%| O|  |TS  0|AC  0|TAMS 0x0000000703c00000, 0x0000000703c00000|
|  61|0x0000000703d00000, 0x0000000703e00000, 0x0000000703e00000|100%| O|  |TS  0|AC  0|TAMS 0x0000000703d00000, 0x0000000703d00000|
|  62|0x0000000703e00000, 0x0000000703efffe0, 0x0000000703f00000| 99%| O|  |TS  0|AC  0|TAMS 0x0000000703e00000, 0x0000000703e00000|
|  63|0x0000000703f00000, 0x0000000703ffffb0, 0x0000000704000000| 99%| O|  |TS  0|AC  0|TAMS 0x0000000703f00000, 0x0000000703f00000|
|  64|0x0000000704000000, 0x00000007040ffff0, 0x0000000704100000| 99%| O|  |TS  0|AC  0|TAMS 0x0000000704000000, 0x0000000704000000|
|  65|0x0000000704100000, 0x00000007041fffe8, 0x0000000704200000| 99%| O|  |TS  0|AC  0|TAMS 0x0000000704100000, 0x0000000704100000|
|  66|0x0000000704200000, 0x0000000704300000, 0x0000000704300000|100%| O|  |TS  0|AC  0|TAMS 0x0000000704200000, 0x0000000704200000|
|  67|0x0000000704300000, 0x00000007043fffe8, 0x0000000704400000| 99%| O|  |TS  0|AC  0|TAMS 0x0000000704300000, 0x0000000704300000|
|  68|0x0000000704400000, 0x00000007044ff600, 0x0000000704500000| 99%| O|  |TS  0|AC  0|TAMS 0x0000000704400000, 0x0000000704400000|
|  69|0x0000000704500000, 0x00000007045ffff0, 0x0000000704600000| 99%| O|  |TS  0|AC  0|TAMS 0x0000000704500000, 0x0000000704500000|
|  70|0x0000000704600000, 0x00000007046ffd58, 0x0000000704700000| 99%| O|  |TS  0|AC  0|TAMS 0x0000000704600000, 0x0000000704600000|
|  71|0x0000000704700000, 0x0000000704800000, 0x0000000704800000|100%|HS|  |TS  0|AC  0|TAMS 0x0000000704700000, 0x0000000704700000|
|  72|0x0000000704800000, 0x00000007048fffe8, 0x0000000704900000| 99%| O|  |TS  0|AC  0|TAMS 0x0000000704800000, 0x0000000704800000|
|  73|0x0000000704900000, 0x00000007049fffe8, 0x0000000704a00000| 99%| O|  |TS  0|AC  0|TAMS 0x0000000704900000, 0x0000000704900000|
|  74|0x0000000704a00000, 0x0000000704b00000, 0x0000000704b00000|100%| O|  |TS  0|AC  0|TAMS 0x0000000704a00000, 0x0000000704a00000|
|  75|0x0000000704b00000, 0x0000000704bffff0, 0x0000000704c00000| 99%| O|  |TS  0|AC  0|TAMS 0x0000000704b00000, 0x0000000704b00000|
|  76|0x0000000704c00000, 0x0000000704d00000, 0x0000000704d00000|100%| O|  |TS  0|AC  0|TAMS 0x0000000704c00000, 0x0000000704c00000|
|  77|0x0000000704d00000, 0x0000000704dfff98, 0x0000000704e00000| 99%| O|  |TS  0|AC  0|TAMS 0x0000000704d00000, 0x0000000704d00000|
|  78|0x0000000704e00000, 0x0000000704efff90, 0x0000000704f00000| 99%| O|  |TS  0|AC  0|TAMS 0x0000000704e00000, 0x0000000704e00000|
|  79|0x0000000704f00000, 0x0000000704fdbbd0, 0x0000000705000000| 85%| O|  |TS  0|AC  0|TAMS 0x0000000704f00000, 0x0000000704f00000|
|  80|0x0000000705000000, 0x00000007050c41b8, 0x0000000705100000| 76%| O|  |TS  0|AC  0|TAMS 0x0000000705000000, 0x0000000705000000|
|  81|0x0000000705100000, 0x0000000705200000, 0x0000000705200000|100%|HS|  |TS  0|AC  0|TAMS 0x0000000705100000, 0x0000000705100000|
|  82|0x0000000705200000, 0x0000000705300000, 0x0000000705300000|100%|HC|  |TS  0|AC  0|TAMS 0x0000000705200000, 0x0000000705200000|
|  83|0x0000000705300000, 0x0000000705400000, 0x0000000705400000|100%|HC|  |TS  0|AC  0|TAMS 0x0000000705300000, 0x0000000705300000|
|  84|0x0000000705400000, 0x0000000705500000, 0x0000000705500000|100%|HC|  |TS  0|AC  0|TAMS 0x0000000705400000, 0x0000000705400000|
|  85|0x0000000705500000, 0x0000000705600000, 0x0000000705600000|100%|HC|  |TS  0|AC  0|TAMS 0x0000000705500000, 0x0000000705500000|
|  86|0x0000000705600000, 0x0000000705700000, 0x0000000705700000|100%|HC|  |TS  0|AC  0|TAMS 0x0000000705600000, 0x0000000705600000|
|  87|0x0000000705700000, 0x0000000705800000, 0x0000000705800000|100%|HC|  |TS  0|AC  0|TAMS 0x0000000705700000, 0x0000000705700000|
|  88|0x0000000705800000, 0x0000000705900000, 0x0000000705900000|100%|HC|  |TS  0|AC  0|TAMS 0x0000000705800000, 0x0000000705800000|
|  89|0x0000000705900000, 0x0000000705a00000, 0x0000000705a00000|100%|HC|  |TS  0|AC  0|TAMS 0x0000000705900000, 0x0000000705900000|
|  90|0x0000000705a00000, 0x0000000705b00000, 0x0000000705b00000|100%|HC|  |TS  0|AC  0|TAMS 0x0000000705a00000, 0x0000000705a00000|
|  91|0x0000000705b00000, 0x0000000705b00000, 0x0000000705c00000|  0%| F|  |TS  0|AC  0|TAMS 0x0000000705b00000, 0x0000000705b00000|
|  92|0x0000000705c00000, 0x0000000705d00000, 0x0000000705d00000|100%|HS|  |TS  0|AC  0|TAMS 0x0000000705c00000, 0x0000000705c00000|
|  93|0x0000000705d00000, 0x0000000705e00000, 0x0000000705e00000|100%|HC|  |TS  0|AC  0|TAMS 0x0000000705d00000, 0x0000000705d00000|
|  94|0x0000000705e00000, 0x0000000705e00000, 0x0000000705f00000|  0%| F|  |TS  0|AC  0|TAMS 0x0000000705e00000, 0x0000000705e00000|
|  95|0x0000000705f00000, 0x0000000705f00000, 0x0000000706000000|  0%| F|  |TS  0|AC  0|TAMS 0x0000000705f00000, 0x0000000705f00000|
|  96|0x0000000706000000, 0x0000000706000000, 0x0000000706100000|  0%| F|  |TS  0|AC  0|TAMS 0x0000000706000000, 0x0000000706000000|
|  97|0x0000000706100000, 0x0000000706100000, 0x0000000706200000|  0%| F|  |TS  0|AC  0|TAMS 0x0000000706100000, 0x0000000706100000|
|  98|0x0000000706200000, 0x0000000706200000, 0x0000000706300000|  0%| F|  |TS  0|AC  0|TAMS 0x0000000706200000, 0x0000000706200000|
|  99|0x0000000706300000, 0x0000000706300000, 0x0000000706400000|  0%| F|  |TS  0|AC  0|TAMS 0x0000000706300000, 0x0000000706300000|
| 100|0x0000000706400000, 0x0000000706400000, 0x0000000706500000|  0%| F|  |TS  0|AC  0|TAMS 0x0000000706400000, 0x0000000706400000|
| 101|0x0000000706500000, 0x0000000706500000, 0x0000000706600000|  0%| F|  |TS  0|AC  0|TAMS 0x0000000706500000, 0x0000000706500000|
| 102|0x0000000706600000, 0x0000000706600000, 0x0000000706700000|  0%| F|  |TS  0|AC  0|TAMS 0x0000000706600000, 0x0000000706600000|
| 103|0x0000000706700000, 0x0000000706700000, 0x0000000706800000|  0%| F|  |TS  0|AC  0|TAMS 0x0000000706700000, 0x0000000706700000|
| 104|0x0000000706800000, 0x0000000706800000, 0x0000000706900000|  0%| F|  |TS  0|AC  0|TAMS 0x0000000706800000, 0x0000000706800000|
| 105|0x0000000706900000, 0x0000000706900000, 0x0000000706a00000|  0%| F|  |TS  0|AC  0|TAMS 0x0000000706900000, 0x0000000706900000|
| 106|0x0000000706a00000, 0x0000000706a00000, 0x0000000706b00000|  0%| F|  |TS  0|AC  0|TAMS 0x0000000706a00000, 0x0000000706a00000|
| 107|0x0000000706b00000, 0x0000000706b00000, 0x0000000706c00000|  0%| F|  |TS  0|AC  0|TAMS 0x0000000706b00000, 0x0000000706b00000|
| 108|0x0000000706c00000, 0x0000000706c00000, 0x0000000706d00000|  0%| F|  |TS  0|AC  0|TAMS 0x0000000706c00000, 0x0000000706c00000|
| 109|0x0000000706d00000, 0x0000000706d00000, 0x0000000706e00000|  0%| F|  |TS  0|AC  0|TAMS 0x0000000706d00000, 0x0000000706d00000|
| 110|0x0000000706e00000, 0x0000000706e00000, 0x0000000706f00000|  0%| F|  |TS  0|AC  0|TAMS 0x0000000706e00000, 0x0000000706e00000|
| 111|0x0000000706f00000, 0x0000000706f00000, 0x0000000707000000|  0%| F|  |TS  0|AC  0|TAMS 0x0000000706f00000, 0x0000000706f00000|
| 112|0x0000000707000000, 0x0000000707000000, 0x0000000707100000|  0%| F|  |TS  0|AC  0|TAMS 0x0000000707000000, 0x0000000707000000|
| 113|0x0000000707100000, 0x0000000707100000, 0x0000000707200000|  0%| F|  |TS  0|AC  0|TAMS 0x0000000707100000, 0x0000000707100000|
| 114|0x0000000707200000, 0x0000000707200000, 0x0000000707300000|  0%| F|  |TS  0|AC  0|TAMS 0x0000000707200000, 0x0000000707200000|
| 115|0x0000000707300000, 0x0000000707300000, 0x0000000707400000|  0%| F|  |TS  0|AC  0|TAMS 0x0000000707300000, 0x0000000707300000|
| 116|0x0000000707400000, 0x0000000707400000, 0x0000000707500000|  0%| F|  |TS  0|AC  0|TAMS 0x0000000707400000, 0x0000000707400000|
| 117|0x0000000707500000, 0x0000000707500000, 0x0000000707600000|  0%| F|  |TS  0|AC  0|TAMS 0x0000000707500000, 0x0000000707500000|
| 118|0x0000000707600000, 0x0000000707600000, 0x0000000707700000|  0%| F|  |TS  0|AC  0|TAMS 0x0000000707600000, 0x0000000707600000|
| 119|0x0000000707700000, 0x0000000707800000, 0x0000000707800000|100%|HS|  |TS  0|AC  0|TAMS 0x0000000707700000, 0x0000000707700000|
| 120|0x0000000707800000, 0x0000000707800000, 0x0000000707900000|  0%| F|  |TS  0|AC  0|TAMS 0x0000000707800000, 0x0000000707800000|
| 121|0x0000000707900000, 0x0000000707900000, 0x0000000707a00000|  0%| F|  |TS  0|AC  0|TAMS 0x0000000707900000, 0x0000000707900000|
| 122|0x0000000707a00000, 0x0000000707a00000, 0x0000000707b00000|  0%| F|  |TS  0|AC  0|TAMS 0x0000000707a00000, 0x0000000707a00000|
| 123|0x0000000707b00000, 0x0000000707b00000, 0x0000000707c00000|  0%| F|  |TS  0|AC  0|TAMS 0x0000000707b00000, 0x0000000707b00000|
| 124|0x0000000707c00000, 0x0000000707c00000, 0x0000000707d00000|  0%| F|  |TS  0|AC  0|TAMS 0x0000000707c00000, 0x0000000707c00000|
| 125|0x0000000707d00000, 0x0000000707d00000, 0x0000000707e00000|  0%| F|  |TS  0|AC  0|TAMS 0x0000000707d00000, 0x0000000707d00000|
| 126|0x0000000707e00000, 0x0000000707e00000, 0x0000000707f00000|  0%| F|  |TS  0|AC  0|TAMS 0x0000000707e00000, 0x0000000707e00000|
| 127|0x0000000707f00000, 0x0000000707f00000, 0x0000000708000000|  0%| F|  |TS  0|AC  0|TAMS 0x0000000707f00000, 0x0000000707f00000|
| 128|0x0000000708000000, 0x0000000708000000, 0x0000000708100000|  0%| F|  |TS  0|AC  0|TAMS 0x0000000708000000, 0x0000000708000000|
| 129|0x0000000708100000, 0x0000000708100000, 0x0000000708200000|  0%| F|  |TS  0|AC  0|TAMS 0x0000000708100000, 0x0000000708100000|
| 130|0x0000000708200000, 0x0000000708200000, 0x0000000708300000|  0%| F|  |TS  0|AC  0|TAMS 0x0000000708200000, 0x0000000708200000|
| 131|0x0000000708300000, 0x0000000708300000, 0x0000000708400000|  0%| F|  |TS  0|AC  0|TAMS 0x0000000708300000, 0x0000000708300000|
| 132|0x0000000708400000, 0x0000000708400000, 0x0000000708500000|  0%| F|  |TS  0|AC  0|TAMS 0x0000000708400000, 0x0000000708400000|
| 133|0x0000000708500000, 0x0000000708500000, 0x0000000708600000|  0%| F|  |TS  0|AC  0|TAMS 0x0000000708500000, 0x0000000708500000|
| 134|0x0000000708600000, 0x0000000708600000, 0x0000000708700000|  0%| F|  |TS  0|AC  0|TAMS 0x0000000708600000, 0x0000000708600000|
| 135|0x0000000708700000, 0x0000000708700000, 0x0000000708800000|  0%| F|  |TS  0|AC  0|TAMS 0x0000000708700000, 0x0000000708700000|
| 136|0x0000000708800000, 0x0000000708800000, 0x0000000708900000|  0%| F|  |TS  0|AC  0|TAMS 0x0000000708800000, 0x0000000708800000|
| 137|0x0000000708900000, 0x0000000708900000, 0x0000000708a00000|  0%| F|  |TS  0|AC  0|TAMS 0x0000000708900000, 0x0000000708900000|
| 138|0x0000000708a00000, 0x0000000708a00000, 0x0000000708b00000|  0%| F|  |TS  0|AC  0|TAMS 0x0000000708a00000, 0x0000000708a00000|
| 139|0x0000000708b00000, 0x0000000708b00000, 0x0000000708c00000|  0%| F|  |TS  0|AC  0|TAMS 0x0000000708b00000, 0x0000000708b00000|
| 140|0x0000000708c00000, 0x0000000708c00000, 0x0000000708d00000|  0%| F|  |TS  0|AC  0|TAMS 0x0000000708c00000, 0x0000000708c00000|
| 141|0x0000000708d00000, 0x0000000708d00000, 0x0000000708e00000|  0%| F|  |TS  0|AC  0|TAMS 0x0000000708d00000, 0x0000000708d00000|
| 142|0x0000000708e00000, 0x0000000708e00000, 0x0000000708f00000|  0%| F|  |TS  0|AC  0|TAMS 0x0000000708e00000, 0x0000000708e00000|
| 143|0x0000000708f00000, 0x0000000708f00000, 0x0000000709000000|  0%| F|  |TS  0|AC  0|TAMS 0x0000000708f00000, 0x0000000708f00000|
| 144|0x0000000709000000, 0x0000000709000000, 0x0000000709100000|  0%| F|  |TS  0|AC  0|TAMS 0x0000000709000000, 0x0000000709000000|
| 145|0x0000000709100000, 0x0000000709100000, 0x0000000709200000|  0%| F|  |TS  0|AC  0|TAMS 0x0000000709100000, 0x0000000709100000|
| 146|0x0000000709200000, 0x0000000709200000, 0x0000000709300000|  0%| F|  |TS  0|AC  0|TAMS 0x0000000709200000, 0x0000000709200000|
| 147|0x0000000709300000, 0x0000000709300000, 0x0000000709400000|  0%| F|  |TS  0|AC  0|TAMS 0x0000000709300000, 0x0000000709300000|
| 148|0x0000000709400000, 0x0000000709400000, 0x0000000709500000|  0%| F|  |TS  0|AC  0|TAMS 0x0000000709400000, 0x0000000709400000|
| 149|0x0000000709500000, 0x0000000709500000, 0x0000000709600000|  0%| F|  |TS  0|AC  0|TAMS 0x0000000709500000, 0x0000000709500000|
| 150|0x0000000709600000, 0x0000000709600000, 0x0000000709700000|  0%| F|  |TS  0|AC  0|TAMS 0x0000000709600000, 0x0000000709600000|
| 151|0x0000000709700000, 0x0000000709700000, 0x0000000709800000|  0%| F|  |TS  0|AC  0|TAMS 0x0000000709700000, 0x0000000709700000|
| 152|0x0000000709800000, 0x0000000709800000, 0x0000000709900000|  0%| F|  |TS  0|AC  0|TAMS 0x0000000709800000, 0x0000000709800000|
| 153|0x0000000709900000, 0x0000000709900000, 0x0000000709a00000|  0%| F|  |TS  0|AC  0|TAMS 0x0000000709900000, 0x0000000709900000|
| 154|0x0000000709a00000, 0x0000000709a00000, 0x0000000709b00000|  0%| F|  |TS  0|AC  0|TAMS 0x0000000709a00000, 0x0000000709a00000|
| 155|0x0000000709b00000, 0x0000000709b00000, 0x0000000709c00000|  0%| F|  |TS  0|AC  0|TAMS 0x0000000709b00000, 0x0000000709b00000|
| 156|0x0000000709c00000, 0x0000000709c00000, 0x0000000709d00000|  0%| F|  |TS  0|AC  0|TAMS 0x0000000709c00000, 0x0000000709c00000|
| 157|0x0000000709d00000, 0x0000000709d00000, 0x0000000709e00000|  0%| F|  |TS  0|AC  0|TAMS 0x0000000709d00000, 0x0000000709d00000|
| 158|0x0000000709e00000, 0x0000000709e00000, 0x0000000709f00000|  0%| F|  |TS  0|AC  0|TAMS 0x0000000709e00000, 0x0000000709e00000|
| 159|0x0000000709f00000, 0x0000000709f00000, 0x000000070a000000|  0%| F|  |TS  0|AC  0|TAMS 0x0000000709f00000, 0x0000000709f00000|
| 160|0x000000070a000000, 0x000000070a000000, 0x000000070a100000|  0%| F|  |TS  0|AC  0|TAMS 0x000000070a000000, 0x000000070a000000|
| 161|0x000000070a100000, 0x000000070a100000, 0x000000070a200000|  0%| F|  |TS  0|AC  0|TAMS 0x000000070a100000, 0x000000070a100000|
| 162|0x000000070a200000, 0x000000070a200000, 0x000000070a300000|  0%| F|  |TS  0|AC  0|TAMS 0x000000070a200000, 0x000000070a200000|
| 163|0x000000070a300000, 0x000000070a300000, 0x000000070a400000|  0%| F|  |TS  0|AC  0|TAMS 0x000000070a300000, 0x000000070a300000|
| 164|0x000000070a400000, 0x000000070a400000, 0x000000070a500000|  0%| F|  |TS  0|AC  0|TAMS 0x000000070a400000, 0x000000070a400000|
| 165|0x000000070a500000, 0x000000070a500000, 0x000000070a600000|  0%| F|  |TS  0|AC  0|TAMS 0x000000070a500000, 0x000000070a500000|
| 166|0x000000070a600000, 0x000000070a600000, 0x000000070a700000|  0%| F|  |TS  0|AC  0|TAMS 0x000000070a600000, 0x000000070a600000|
| 167|0x000000070a700000, 0x000000070a700000, 0x000000070a800000|  0%| F|  |TS  0|AC  0|TAMS 0x000000070a700000, 0x000000070a700000|
| 168|0x000000070a800000, 0x000000070a800000, 0x000000070a900000|  0%| F|  |TS  0|AC  0|TAMS 0x000000070a800000, 0x000000070a800000|
| 169|0x000000070a900000, 0x000000070a900000, 0x000000070aa00000|  0%| F|  |TS  0|AC  0|TAMS 0x000000070a900000, 0x000000070a900000|
| 170|0x000000070aa00000, 0x000000070aa00000, 0x000000070ab00000|  0%| F|  |TS  0|AC  0|TAMS 0x000000070aa00000, 0x000000070aa00000|
| 171|0x000000070ab00000, 0x000000070ab00000, 0x000000070ac00000|  0%| F|  |TS  0|AC  0|TAMS 0x000000070ab00000, 0x000000070ab00000|
| 172|0x000000070ac00000, 0x000000070ac00000, 0x000000070ad00000|  0%| F|  |TS  0|AC  0|TAMS 0x000000070ac00000, 0x000000070ac00000|
| 173|0x000000070ad00000, 0x000000070ad00000, 0x000000070ae00000|  0%| F|  |TS  0|AC  0|TAMS 0x000000070ad00000, 0x000000070ad00000|
| 174|0x000000070ae00000, 0x000000070ae00000, 0x000000070af00000|  0%| F|  |TS  0|AC  0|TAMS 0x000000070ae00000, 0x000000070ae00000|
| 175|0x000000070af00000, 0x000000070af00000, 0x000000070b000000|  0%| F|  |TS  0|AC  0|TAMS 0x000000070af00000, 0x000000070af00000|
| 176|0x000000070b000000, 0x000000070b000000, 0x000000070b100000|  0%| F|  |TS  0|AC  0|TAMS 0x000000070b000000, 0x000000070b000000|
| 177|0x000000070b100000, 0x000000070b100000, 0x000000070b200000|  0%| F|  |TS  0|AC  0|TAMS 0x000000070b100000, 0x000000070b100000|
| 178|0x000000070b200000, 0x000000070b200000, 0x000000070b300000|  0%| F|  |TS  0|AC  0|TAMS 0x000000070b200000, 0x000000070b200000|
| 179|0x000000070b300000, 0x000000070b300000, 0x000000070b400000|  0%| F|  |TS  0|AC  0|TAMS 0x000000070b300000, 0x000000070b300000|
| 180|0x000000070b400000, 0x000000070b400000, 0x000000070b500000|  0%| F|  |TS  0|AC  0|TAMS 0x000000070b400000, 0x000000070b400000|
| 181|0x000000070b500000, 0x000000070b500000, 0x000000070b600000|  0%| F|  |TS  0|AC  0|TAMS 0x000000070b500000, 0x000000070b500000|
| 182|0x000000070b600000, 0x000000070b600000, 0x000000070b700000|  0%| F|  |TS  0|AC  0|TAMS 0x000000070b600000, 0x000000070b600000|
| 183|0x000000070b700000, 0x000000070b700000, 0x000000070b800000|  0%| F|  |TS  0|AC  0|TAMS 0x000000070b700000, 0x000000070b700000|
| 184|0x000000070b800000, 0x000000070b800000, 0x000000070b900000|  0%| F|  |TS  0|AC  0|TAMS 0x000000070b800000, 0x000000070b800000|
| 185|0x000000070b900000, 0x000000070b900000, 0x000000070ba00000|  0%| F|  |TS  0|AC  0|TAMS 0x000000070b900000, 0x000000070b900000|
| 186|0x000000070ba00000, 0x000000070ba00000, 0x000000070bb00000|  0%| F|  |TS  0|AC  0|TAMS 0x000000070ba00000, 0x000000070ba00000|
| 187|0x000000070bb00000, 0x000000070bb00000, 0x000000070bc00000|  0%| F|  |TS  0|AC  0|TAMS 0x000000070bb00000, 0x000000070bb00000|
| 188|0x000000070bc00000, 0x000000070bc00000, 0x000000070bd00000|  0%| F|  |TS  0|AC  0|TAMS 0x000000070bc00000, 0x000000070bc00000|
| 189|0x000000070bd00000, 0x000000070bd00000, 0x000000070be00000|  0%| F|  |TS  0|AC  0|TAMS 0x000000070bd00000, 0x000000070bd00000|
| 190|0x000000070be00000, 0x000000070be00000, 0x000000070bf00000|  0%| F|  |TS  0|AC  0|TAMS 0x000000070be00000, 0x000000070be00000|
| 191|0x000000070bf00000, 0x000000070bf00000, 0x000000070c000000|  0%| F|  |TS  0|AC  0|TAMS 0x000000070bf00000, 0x000000070bf00000|
| 192|0x000000070c000000, 0x000000070c000000, 0x000000070c100000|  0%| F|  |TS  0|AC  0|TAMS 0x000000070c000000, 0x000000070c000000|
| 193|0x000000070c100000, 0x000000070c100000, 0x000000070c200000|  0%| F|  |TS  0|AC  0|TAMS 0x000000070c100000, 0x000000070c100000|
| 194|0x000000070c200000, 0x000000070c200000, 0x000000070c300000|  0%| F|  |TS  0|AC  0|TAMS 0x000000070c200000, 0x000000070c200000|
| 195|0x000000070c300000, 0x000000070c300000, 0x000000070c400000|  0%| F|  |TS  0|AC  0|TAMS 0x000000070c300000, 0x000000070c300000|
| 196|0x000000070c400000, 0x000000070c400000, 0x000000070c500000|  0%| F|  |TS  0|AC  0|TAMS 0x000000070c400000, 0x000000070c400000|
| 197|0x000000070c500000, 0x000000070c500000, 0x000000070c600000|  0%| F|  |TS  0|AC  0|TAMS 0x000000070c500000, 0x000000070c500000|
| 198|0x000000070c600000, 0x000000070c600000, 0x000000070c700000|  0%| F|  |TS  0|AC  0|TAMS 0x000000070c600000, 0x000000070c600000|
| 199|0x000000070c700000, 0x000000070c700000, 0x000000070c800000|  0%| F|  |TS  0|AC  0|TAMS 0x000000070c700000, 0x000000070c700000|
| 200|0x000000070c800000, 0x000000070c800000, 0x000000070c900000|  0%| F|  |TS  0|AC  0|TAMS 0x000000070c800000, 0x000000070c800000|
| 201|0x000000070c900000, 0x000000070c900000, 0x000000070ca00000|  0%| F|  |TS  0|AC  0|TAMS 0x000000070c900000, 0x000000070c900000|
| 202|0x000000070ca00000, 0x000000070ca00000, 0x000000070cb00000|  0%| F|  |TS  0|AC  0|TAMS 0x000000070ca00000, 0x000000070ca00000|
| 203|0x000000070cb00000, 0x000000070cb00000, 0x000000070cc00000|  0%| F|  |TS  0|AC  0|TAMS 0x000000070cb00000, 0x000000070cb00000|
| 204|0x000000070cc00000, 0x000000070cc00000, 0x000000070cd00000|  0%| F|  |TS  0|AC  0|TAMS 0x000000070cc00000, 0x000000070cc00000|
| 205|0x000000070cd00000, 0x000000070cd00000, 0x000000070ce00000|  0%| F|  |TS  0|AC  0|TAMS 0x000000070cd00000, 0x000000070cd00000|
| 206|0x000000070ce00000, 0x000000070ce00000, 0x000000070cf00000|  0%| F|  |TS  0|AC  0|TAMS 0x000000070ce00000, 0x000000070ce00000|
| 207|0x000000070cf00000, 0x000000070cf00000, 0x000000070d000000|  0%| F|  |TS  0|AC  0|TAMS 0x000000070cf00000, 0x000000070cf00000|
| 208|0x000000070d000000, 0x000000070d000000, 0x000000070d100000|  0%| F|  |TS  0|AC  0|TAMS 0x000000070d000000, 0x000000070d000000|
| 209|0x000000070d100000, 0x000000070d100000, 0x000000070d200000|  0%| F|  |TS  0|AC  0|TAMS 0x000000070d100000, 0x000000070d100000|
| 210|0x000000070d200000, 0x000000070d200000, 0x000000070d300000|  0%| F|  |TS  0|AC  0|TAMS 0x000000070d200000, 0x000000070d200000|
| 211|0x000000070d300000, 0x000000070d300000, 0x000000070d400000|  0%| F|  |TS  0|AC  0|TAMS 0x000000070d300000, 0x000000070d300000|
| 212|0x000000070d400000, 0x000000070d400000, 0x000000070d500000|  0%| F|  |TS  0|AC  0|TAMS 0x000000070d400000, 0x000000070d400000|
| 213|0x000000070d500000, 0x000000070d500000, 0x000000070d600000|  0%| F|  |TS  0|AC  0|TAMS 0x000000070d500000, 0x000000070d500000|
| 214|0x000000070d600000, 0x000000070d600000, 0x000000070d700000|  0%| F|  |TS  0|AC  0|TAMS 0x000000070d600000, 0x000000070d600000|
| 215|0x000000070d700000, 0x000000070d700000, 0x000000070d800000|  0%| F|  |TS  0|AC  0|TAMS 0x000000070d700000, 0x000000070d700000|
| 216|0x000000070d800000, 0x000000070d800000, 0x000000070d900000|  0%| F|  |TS  0|AC  0|TAMS 0x000000070d800000, 0x000000070d800000|
| 217|0x000000070d900000, 0x000000070d900000, 0x000000070da00000|  0%| F|  |TS  0|AC  0|TAMS 0x000000070d900000, 0x000000070d900000|
| 218|0x000000070da00000, 0x000000070da00000, 0x000000070db00000|  0%| F|  |TS  0|AC  0|TAMS 0x000000070da00000, 0x000000070da00000|
| 219|0x000000070db00000, 0x000000070db00000, 0x000000070dc00000|  0%| F|  |TS  0|AC  0|TAMS 0x000000070db00000, 0x000000070db00000|
| 220|0x000000070dc00000, 0x000000070dc00000, 0x000000070dd00000|  0%| F|  |TS  0|AC  0|TAMS 0x000000070dc00000, 0x000000070dc00000|
| 221|0x000000070dd00000, 0x000000070dd00000, 0x000000070de00000|  0%| F|  |TS  0|AC  0|TAMS 0x000000070dd00000, 0x000000070dd00000|
| 222|0x000000070de00000, 0x000000070de00000, 0x000000070df00000|  0%| F|  |TS  0|AC  0|TAMS 0x000000070de00000, 0x000000070de00000|
| 223|0x000000070df00000, 0x000000070df00000, 0x000000070e000000|  0%| F|  |TS  0|AC  0|TAMS 0x000000070df00000, 0x000000070df00000|
| 224|0x000000070e000000, 0x000000070e000000, 0x000000070e100000|  0%| F|  |TS  0|AC  0|TAMS 0x000000070e000000, 0x000000070e000000|
| 225|0x000000070e100000, 0x000000070e100000, 0x000000070e200000|  0%| F|  |TS  0|AC  0|TAMS 0x000000070e100000, 0x000000070e100000|
| 226|0x000000070e200000, 0x000000070e200000, 0x000000070e300000|  0%| F|  |TS  0|AC  0|TAMS 0x000000070e200000, 0x000000070e200000|
| 227|0x000000070e300000, 0x000000070e300000, 0x000000070e400000|  0%| F|  |TS  0|AC  0|TAMS 0x000000070e300000, 0x000000070e300000|
| 228|0x000000070e400000, 0x000000070e400000, 0x000000070e500000|  0%| F|  |TS  0|AC  0|TAMS 0x000000070e400000, 0x000000070e400000|
| 229|0x000000070e500000, 0x000000070e500000, 0x000000070e600000|  0%| F|  |TS  0|AC  0|TAMS 0x000000070e500000, 0x000000070e500000|
| 230|0x000000070e600000, 0x000000070e600000, 0x000000070e700000|  0%| F|  |TS  0|AC  0|TAMS 0x000000070e600000, 0x000000070e600000|
| 231|0x000000070e700000, 0x000000070e700000, 0x000000070e800000|  0%| F|  |TS  0|AC  0|TAMS 0x000000070e700000, 0x000000070e700000|
| 232|0x000000070e800000, 0x000000070e800000, 0x000000070e900000|  0%| F|  |TS  0|AC  0|TAMS 0x000000070e800000, 0x000000070e800000|
| 233|0x000000070e900000, 0x000000070e900000, 0x000000070ea00000|  0%| F|  |TS  0|AC  0|TAMS 0x000000070e900000, 0x000000070e900000|
| 234|0x000000070ea00000, 0x000000070ea00000, 0x000000070eb00000|  0%| F|  |TS  0|AC  0|TAMS 0x000000070ea00000, 0x000000070ea00000|
| 235|0x000000070eb00000, 0x000000070eb00000, 0x000000070ec00000|  0%| F|  |TS  0|AC  0|TAMS 0x000000070eb00000, 0x000000070eb00000|
| 236|0x000000070ec00000, 0x000000070ec00000, 0x000000070ed00000|  0%| F|  |TS  0|AC  0|TAMS 0x000000070ec00000, 0x000000070ec00000|
| 237|0x000000070ed00000, 0x000000070ed00000, 0x000000070ee00000|  0%| F|  |TS  0|AC  0|TAMS 0x000000070ed00000, 0x000000070ed00000|
| 238|0x000000070ee00000, 0x000000070ee00000, 0x000000070ef00000|  0%| F|  |TS  0|AC  0|TAMS 0x000000070ee00000, 0x000000070ee00000|
| 239|0x000000070ef00000, 0x000000070ef00000, 0x000000070f000000|  0%| F|  |TS  0|AC  0|TAMS 0x000000070ef00000, 0x000000070ef00000|
| 240|0x000000070f000000, 0x000000070f000000, 0x000000070f100000|  0%| F|  |TS  0|AC  0|TAMS 0x000000070f000000, 0x000000070f000000|
| 241|0x000000070f100000, 0x000000070f100000, 0x000000070f200000|  0%| F|  |TS  0|AC  0|TAMS 0x000000070f100000, 0x000000070f100000|
| 242|0x000000070f200000, 0x000000070f200000, 0x000000070f300000|  0%| F|  |TS  0|AC  0|TAMS 0x000000070f200000, 0x000000070f200000|
| 243|0x000000070f300000, 0x000000070f300000, 0x000000070f400000|  0%| F|  |TS  0|AC  0|TAMS 0x000000070f300000, 0x000000070f300000|
| 244|0x000000070f400000, 0x000000070f400000, 0x000000070f500000|  0%| F|  |TS  0|AC  0|TAMS 0x000000070f400000, 0x000000070f400000|
| 245|0x000000070f500000, 0x000000070f500000, 0x000000070f600000|  0%| F|  |TS  0|AC  0|TAMS 0x000000070f500000, 0x000000070f500000|
| 246|0x000000070f600000, 0x000000070f600000, 0x000000070f700000|  0%| F|  |TS  0|AC  0|TAMS 0x000000070f600000, 0x000000070f600000|
| 247|0x000000070f700000, 0x000000070f700000, 0x000000070f800000|  0%| F|  |TS  0|AC  0|TAMS 0x000000070f700000, 0x000000070f700000|
| 248|0x000000070f800000, 0x000000070f800000, 0x000000070f900000|  0%| F|  |TS  0|AC  0|TAMS 0x000000070f800000, 0x000000070f800000|
| 249|0x000000070f900000, 0x000000070f900000, 0x000000070fa00000|  0%| F|  |TS  0|AC  0|TAMS 0x000000070f900000, 0x000000070f900000|
| 250|0x000000070fa00000, 0x000000070fa00000, 0x000000070fb00000|  0%| F|  |TS  0|AC  0|TAMS 0x000000070fa00000, 0x000000070fa00000|
| 251|0x000000070fb00000, 0x000000070fb00000, 0x000000070fc00000|  0%| F|  |TS  0|AC  0|TAMS 0x000000070fb00000, 0x000000070fb00000|
| 252|0x000000070fc00000, 0x000000070fc00000, 0x000000070fd00000|  0%| F|  |TS  0|AC  0|TAMS 0x000000070fc00000, 0x000000070fc00000|
| 253|0x000000070fd00000, 0x000000070fd00000, 0x000000070fe00000|  0%| F|  |TS  0|AC  0|TAMS 0x000000070fd00000, 0x000000070fd00000|
| 254|0x000000070fe00000, 0x000000070fe00000, 0x000000070ff00000|  0%| F|  |TS  0|AC  0|TAMS 0x000000070fe00000, 0x000000070fe00000|
| 255|0x000000070ff00000, 0x000000070ff00000, 0x0000000710000000|  0%| F|  |TS  0|AC  0|TAMS 0x000000070ff00000, 0x000000070ff00000|
| 256|0x0000000710000000, 0x0000000710000000, 0x0000000710100000|  0%| F|  |TS  0|AC  0|TAMS 0x0000000710000000, 0x0000000710000000|
| 257|0x0000000710100000, 0x0000000710100000, 0x0000000710200000|  0%| F|  |TS  0|AC  0|TAMS 0x0000000710100000, 0x0000000710100000|
| 258|0x0000000710200000, 0x0000000710200000, 0x0000000710300000|  0%| F|  |TS  0|AC  0|TAMS 0x0000000710200000, 0x0000000710200000|
| 259|0x0000000710300000, 0x0000000710300000, 0x0000000710400000|  0%| F|  |TS  0|AC  0|TAMS 0x0000000710300000, 0x0000000710300000|
| 260|0x0000000710400000, 0x0000000710400000, 0x0000000710500000|  0%| F|  |TS  0|AC  0|TAMS 0x0000000710400000, 0x0000000710400000|
| 261|0x0000000710500000, 0x0000000710500000, 0x0000000710600000|  0%| F|  |TS  0|AC  0|TAMS 0x0000000710500000, 0x0000000710500000|
| 262|0x0000000710600000, 0x0000000710600000, 0x0000000710700000|  0%| F|  |TS  0|AC  0|TAMS 0x0000000710600000, 0x0000000710600000|
| 263|0x0000000710700000, 0x0000000710700000, 0x0000000710800000|  0%| F|  |TS  0|AC  0|TAMS 0x0000000710700000, 0x0000000710700000|
| 264|0x0000000710800000, 0x0000000710800000, 0x0000000710900000|  0%| F|  |TS  0|AC  0|TAMS 0x0000000710800000, 0x0000000710800000|
| 265|0x0000000710900000, 0x0000000710900000, 0x0000000710a00000|  0%| F|  |TS  0|AC  0|TAMS 0x0000000710900000, 0x0000000710900000|
| 266|0x0000000710a00000, 0x0000000710a00000, 0x0000000710b00000|  0%| F|  |TS  0|AC  0|TAMS 0x0000000710a00000, 0x0000000710a00000|
| 267|0x0000000710b00000, 0x0000000710b00000, 0x0000000710c00000|  0%| F|  |TS  0|AC  0|TAMS 0x0000000710b00000, 0x0000000710b00000|
| 268|0x0000000710c00000, 0x0000000710c00000, 0x0000000710d00000|  0%| F|  |TS  0|AC  0|TAMS 0x0000000710c00000, 0x0000000710c00000|
| 269|0x0000000710d00000, 0x0000000710d00000, 0x0000000710e00000|  0%| F|  |TS  0|AC  0|TAMS 0x0000000710d00000, 0x0000000710d00000|
| 270|0x0000000710e00000, 0x0000000710e00000, 0x0000000710f00000|  0%| F|  |TS  0|AC  0|TAMS 0x0000000710e00000, 0x0000000710e00000|
| 271|0x0000000710f00000, 0x0000000710f00000, 0x0000000711000000|  0%| F|  |TS  0|AC  0|TAMS 0x0000000710f00000, 0x0000000710f00000|
| 272|0x0000000711000000, 0x0000000711000000, 0x0000000711100000|  0%| F|  |TS  0|AC  0|TAMS 0x0000000711000000, 0x0000000711000000|
| 273|0x0000000711100000, 0x0000000711100000, 0x0000000711200000|  0%| F|  |TS  0|AC  0|TAMS 0x0000000711100000, 0x0000000711100000|
| 274|0x0000000711200000, 0x0000000711200000, 0x0000000711300000|  0%| F|  |TS  0|AC  0|TAMS 0x0000000711200000, 0x0000000711200000|
| 275|0x0000000711300000, 0x0000000711300000, 0x0000000711400000|  0%| F|  |TS  0|AC  0|TAMS 0x0000000711300000, 0x0000000711300000|
| 276|0x0000000711400000, 0x0000000711400000, 0x0000000711500000|  0%| F|  |TS  0|AC  0|TAMS 0x0000000711400000, 0x0000000711400000|
| 277|0x0000000711500000, 0x0000000711500000, 0x0000000711600000|  0%| F|  |TS  0|AC  0|TAMS 0x0000000711500000, 0x0000000711500000|
| 278|0x0000000711600000, 0x0000000711600000, 0x0000000711700000|  0%| F|  |TS  0|AC  0|TAMS 0x0000000711600000, 0x0000000711600000|
| 279|0x0000000711700000, 0x0000000711700000, 0x0000000711800000|  0%| F|  |TS  0|AC  0|TAMS 0x0000000711700000, 0x0000000711700000|
| 280|0x0000000711800000, 0x0000000711800000, 0x0000000711900000|  0%| F|  |TS  0|AC  0|TAMS 0x0000000711800000, 0x0000000711800000|
| 281|0x0000000711900000, 0x0000000711900000, 0x0000000711a00000|  0%| F|  |TS  0|AC  0|TAMS 0x0000000711900000, 0x0000000711900000|
| 282|0x0000000711a00000, 0x0000000711a00000, 0x0000000711b00000|  0%| F|  |TS  0|AC  0|TAMS 0x0000000711a00000, 0x0000000711a00000|
| 283|0x0000000711b00000, 0x0000000711b00000, 0x0000000711c00000|  0%| F|  |TS  0|AC  0|TAMS 0x0000000711b00000, 0x0000000711b00000|
| 284|0x0000000711c00000, 0x0000000711c00000, 0x0000000711d00000|  0%| F|  |TS  0|AC  0|TAMS 0x0000000711c00000, 0x0000000711c00000|
| 285|0x0000000711d00000, 0x0000000711d00000, 0x0000000711e00000|  0%| F|  |TS  0|AC  0|TAMS 0x0000000711d00000, 0x0000000711d00000|
| 286|0x0000000711e00000, 0x0000000711e00000, 0x0000000711f00000|  0%| F|  |TS  0|AC  0|TAMS 0x0000000711e00000, 0x0000000711e00000|
| 287|0x0000000711f00000, 0x0000000711f00000, 0x0000000712000000|  0%| F|  |TS  0|AC  0|TAMS 0x0000000711f00000, 0x0000000711f00000|
| 288|0x0000000712000000, 0x0000000712000000, 0x0000000712100000|  0%| F|  |TS  0|AC  0|TAMS 0x0000000712000000, 0x0000000712000000|
| 289|0x0000000712100000, 0x0000000712100000, 0x0000000712200000|  0%| F|  |TS  0|AC  0|TAMS 0x0000000712100000, 0x0000000712100000|
| 290|0x0000000712200000, 0x0000000712200000, 0x0000000712300000|  0%| F|  |TS  0|AC  0|TAMS 0x0000000712200000, 0x0000000712200000|
| 291|0x0000000712300000, 0x0000000712300000, 0x0000000712400000|  0%| F|  |TS  0|AC  0|TAMS 0x0000000712300000, 0x0000000712300000|
| 292|0x0000000712400000, 0x0000000712400000, 0x0000000712500000|  0%| F|  |TS  0|AC  0|TAMS 0x0000000712400000, 0x0000000712400000|
| 293|0x0000000712500000, 0x0000000712500000, 0x0000000712600000|  0%| F|  |TS  0|AC  0|TAMS 0x0000000712500000, 0x0000000712500000|
| 294|0x0000000712600000, 0x0000000712600000, 0x0000000712700000|  0%| F|  |TS  0|AC  0|TAMS 0x0000000712600000, 0x0000000712600000|
| 295|0x0000000712700000, 0x0000000712700000, 0x0000000712800000|  0%| F|  |TS  0|AC  0|TAMS 0x0000000712700000, 0x0000000712700000|
| 296|0x0000000712800000, 0x0000000712800000, 0x0000000712900000|  0%| F|  |TS  0|AC  0|TAMS 0x0000000712800000, 0x0000000712800000|
| 297|0x0000000712900000, 0x0000000712900000, 0x0000000712a00000|  0%| F|  |TS  0|AC  0|TAMS 0x0000000712900000, 0x0000000712900000|
| 298|0x0000000712a00000, 0x0000000712a00000, 0x0000000712b00000|  0%| F|  |TS  0|AC  0|TAMS 0x0000000712a00000, 0x0000000712a00000|
| 299|0x0000000712b00000, 0x0000000712b00000, 0x0000000712c00000|  0%| F|  |TS  0|AC  0|TAMS 0x0000000712b00000, 0x0000000712b00000|
| 300|0x0000000712c00000, 0x0000000712c00000, 0x0000000712d00000|  0%| F|  |TS  0|AC  0|TAMS 0x0000000712c00000, 0x0000000712c00000|
| 301|0x0000000712d00000, 0x0000000712d00000, 0x0000000712e00000|  0%| F|  |TS  0|AC  0|TAMS 0x0000000712d00000, 0x0000000712d00000|
| 302|0x0000000712e00000, 0x0000000712e00000, 0x0000000712f00000|  0%| F|  |TS  0|AC  0|TAMS 0x0000000712e00000, 0x0000000712e00000|
| 303|0x0000000712f00000, 0x0000000712f00000, 0x0000000713000000|  0%| F|  |TS  0|AC  0|TAMS 0x0000000712f00000, 0x0000000712f00000|
| 304|0x0000000713000000, 0x0000000713000000, 0x0000000713100000|  0%| F|  |TS  0|AC  0|TAMS 0x0000000713000000, 0x0000000713000000|
| 305|0x0000000713100000, 0x0000000713100000, 0x0000000713200000|  0%| F|  |TS  0|AC  0|TAMS 0x0000000713100000, 0x0000000713100000|
| 306|0x0000000713200000, 0x0000000713200000, 0x0000000713300000|  0%| F|  |TS  0|AC  0|TAMS 0x0000000713200000, 0x0000000713200000|
| 307|0x0000000713300000, 0x0000000713300000, 0x0000000713400000|  0%| F|  |TS  0|AC  0|TAMS 0x0000000713300000, 0x0000000713300000|
| 308|0x0000000713400000, 0x0000000713400000, 0x0000000713500000|  0%| F|  |TS  0|AC  0|TAMS 0x0000000713400000, 0x0000000713400000|
| 309|0x0000000713500000, 0x00000007135a4280, 0x0000000713600000| 64%| E|  |TS  0|AC  0|TAMS 0x0000000713500000, 0x0000000713500000|

Card table byte_map: [0x00000117ce2e0000,0x00000117ce8e0000] byte_map_base: 0x00000117caae0000

Marking Bits (Prev, Next): (CMBitMap*) 0x00000117b56dc768, (CMBitMap*) 0x00000117b56dc730
 Prev Bits: [0x00000117d1ee0000, 0x00000117d4ee0000)
 Next Bits: [0x00000117ceee0000, 0x00000117d1ee0000)

Polling page: 0x00000117adb50000

CodeHeap 'non-profiled nmethods': size=120000Kb used=28256Kb max_used=28256Kb free=91743Kb
 bounds [0x00000117c67b0000, 0x00000117c8360000, 0x00000117cdce0000]
CodeHeap 'profiled nmethods': size=120000Kb used=47513Kb max_used=48661Kb free=72486Kb
 bounds [0x00000117bf280000, 0x00000117c2260000, 0x00000117c67b0000]
CodeHeap 'non-nmethods': size=5760Kb used=1864Kb max_used=1936Kb free=3895Kb
 bounds [0x00000117bece0000, 0x00000117bef50000, 0x00000117bf280000]
 total_blobs=42304 nmethods=20886 adapters=1235
 compilation: enabled

Compilation events (10 events):
Event: 6258.662 Thread 0x00000117b43c8000 nmethod 28581 0x00000117c10e5790 code [0x00000117c10e5960, 0x00000117c10e5bb0]
Event: 6258.662 Thread 0x00000117b43c8000 28582       2       ui.data.n.c.a::y (9 bytes)
Event: 6258.662 Thread 0x00000117b43c8000 nmethod 28582 0x00000117c0f39190 code [0x00000117c0f39340, 0x00000117c0f394d0]
Event: 6258.669 Thread 0x00000117b43c6800 nmethod 28580 0x00000117c8350910 code [0x00000117c8350ae0, 0x00000117c8350d98]
Event: 6258.921 Thread 0x00000117b43c8000 28583       3       java.text.SimpleDateFormat::initializeCalendar (37 bytes)
Event: 6258.921 Thread 0x00000117b43c8000 nmethod 28583 0x00000117c144d990 code [0x00000117c144db80, 0x00000117c144e070]
Event: 6258.921 Thread 0x00000117b43c8000 28584       3       java.text.SimpleDateFormat::initialize (84 bytes)
Event: 6258.922 Thread 0x00000117b43c8000 nmethod 28584 0x00000117c14d3c10 code [0x00000117c14d3f60, 0x00000117c14d5670]
Event: 6259.611 Thread 0x00000117b3cdd000 28585       4       com.google.protobuf.CodedInputStream$ArrayDecoder::readInt32 (5 bytes)
Event: 6259.616 Thread 0x00000117b3cdd000 nmethod 28585 0x00000117c8351110 code [0x00000117c83512a0, 0x00000117c8351678]

GC Heap History (10 events):
Event: 6255.237 GC heap before
{Heap before GC invocations=1006 (full 176):
 garbage-first heap   total 397312K, used 182243K [0x0000000700000000, 0x0000000700100c20, 0x00000007c0000000)
  region size 1024K, 60 young (61440K), 1 survivors (1024K)
 Metaspace       used 96333K, capacity 99280K, committed 105264K, reserved 1138688K
  class space    used 13315K, capacity 13878K, committed 15152K, reserved 1048576K
}
Event: 6255.239 GC heap after
{Heap after GC invocations=1007 (full 176):
 garbage-first heap   total 397312K, used 121927K [0x0000000700000000, 0x0000000700100c20, 0x00000007c0000000)
  region size 1024K, 1 young (1024K), 1 survivors (1024K)
 Metaspace       used 96333K, capacity 99280K, committed 105264K, reserved 1138688K
  class space    used 13315K, capacity 13878K, committed 15152K, reserved 1048576K
}
Event: 6255.996 GC heap before
{Heap before GC invocations=1007 (full 176):
 garbage-first heap   total 397312K, used 182343K [0x0000000700000000, 0x0000000700100c20, 0x00000007c0000000)
  region size 1024K, 60 young (61440K), 1 survivors (1024K)
 Metaspace       used 96333K, capacity 99280K, committed 105264K, reserved 1138688K
  class space    used 13315K, capacity 13878K, committed 15152K, reserved 1048576K
}
Event: 6255.998 GC heap after
{Heap after GC invocations=1008 (full 176):
 garbage-first heap   total 397312K, used 121894K [0x0000000700000000, 0x0000000700100c20, 0x00000007c0000000)
  region size 1024K, 1 young (1024K), 1 survivors (1024K)
 Metaspace       used 96333K, capacity 99280K, committed 105264K, reserved 1138688K
  class space    used 13315K, capacity 13878K, committed 15152K, reserved 1048576K
}
Event: 6257.757 GC heap before
{Heap before GC invocations=1008 (full 176):
 garbage-first heap   total 397312K, used 148518K [0x0000000700000000, 0x0000000700100c20, 0x00000007c0000000)
  region size 1024K, 28 young (28672K), 1 survivors (1024K)
 Metaspace       used 96338K, capacity 99286K, committed 105264K, reserved 1138688K
  class space    used 13315K, capacity 13879K, committed 15152K, reserved 1048576K
}
Event: 6257.760 GC heap after
{Heap after GC invocations=1009 (full 176):
 garbage-first heap   total 397312K, used 122149K [0x0000000700000000, 0x0000000700100c20, 0x00000007c0000000)
  region size 1024K, 2 young (2048K), 2 survivors (2048K)
 Metaspace       used 96338K, capacity 99286K, committed 105264K, reserved 1138688K
  class space    used 13315K, capacity 13879K, committed 15152K, reserved 1048576K
}
Event: 6258.672 GC heap before
{Heap before GC invocations=1009 (full 176):
 garbage-first heap   total 397312K, used 132389K [0x0000000700000000, 0x0000000700100c20, 0x00000007c0000000)
  region size 1024K, 13 young (13312K), 2 survivors (2048K)
 Metaspace       used 96338K, capacity 99286K, committed 105264K, reserved 1138688K
  class space    used 13315K, capacity 13879K, committed 15152K, reserved 1048576K
}
Event: 6258.920 GC heap after
{Heap after GC invocations=1010 (full 177):
 garbage-first heap   total 321536K, used 96180K [0x0000000700000000, 0x00000007001009d0, 0x00000007c0000000)
  region size 1024K, 0 young (0K), 0 survivors (0K)
 Metaspace       used 96338K, capacity 99286K, committed 105264K, reserved 1138688K
  class space    used 13315K, capacity 13879K, committed 15152K, reserved 1048576K
}
Event: 6260.754 GC heap before
{Heap before GC invocations=1010 (full 177):
 garbage-first heap   total 321536K, used 137140K [0x0000000700000000, 0x00000007001009d0, 0x00000007c0000000)
  region size 1024K, 41 young (41984K), 0 survivors (0K)
 Metaspace       used 96338K, capacity 99286K, committed 105264K, reserved 1138688K
  class space    used 13315K, capacity 13879K, committed 15152K, reserved 1048576K
}
Event: 6260.979 GC heap after
{Heap after GC invocations=1011 (full 178):
 garbage-first heap   total 317440K, used 95063K [0x0000000700000000, 0x00000007001009b0, 0x00000007c0000000)
  region size 1024K, 0 young (0K), 0 survivors (0K)
 Metaspace       used 96338K, capacity 99286K, committed 105264K, reserved 1138688K
  class space    used 13315K, capacity 13879K, committed 15152K, reserved 1048576K
}

Deoptimization events (10 events):
Event: 6206.612 Thread 0x00000117d9911000 Uncommon trap: reason=class_check action=maybe_recompile pc=0x00000117c82ad228 method=javax.swing.plaf.basic.BasicLabelUI.getPreferredSize(Ljavax/swing/JComponent;)Ljava/awt/Dimension; @ 265 c2
Event: 6206.612 Thread 0x00000117d9911000 Uncommon trap: reason=class_check action=maybe_recompile pc=0x00000117c82ad228 method=javax.swing.plaf.basic.BasicLabelUI.getPreferredSize(Ljavax/swing/JComponent;)Ljava/awt/Dimension; @ 265 c2
Event: 6241.425 Thread 0x00000117d9911000 Uncommon trap: reason=speculate_class_check action=maybe_recompile pc=0x00000117c7dc04f0 method=com.jidesoft.plaf.basic.BasicJideTabbedPaneUI.ensureCloseButtonCreated()V @ 233 c2
Event: 6241.436 Thread 0x00000117d9911000 Uncommon trap: reason=speculate_class_check action=maybe_recompile pc=0x00000117c7dc04f0 method=com.jidesoft.plaf.basic.BasicJideTabbedPaneUI.ensureCloseButtonCreated()V @ 233 c2
Event: 6241.452 Thread 0x00000117d9911000 Uncommon trap: reason=speculate_class_check action=maybe_recompile pc=0x00000117c7dc04f0 method=com.jidesoft.plaf.basic.BasicJideTabbedPaneUI.ensureCloseButtonCreated()V @ 233 c2
Event: 6241.460 Thread 0x00000117d9911000 Uncommon trap: reason=speculate_class_check action=maybe_recompile pc=0x00000117c7dc04f0 method=com.jidesoft.plaf.basic.BasicJideTabbedPaneUI.ensureCloseButtonCreated()V @ 233 c2
Event: 6241.601 Thread 0x00000117d9911000 Uncommon trap: reason=speculate_class_check action=maybe_recompile pc=0x00000117c83036b8 method=com.jidesoft.plaf.basic.BasicJideTabbedPaneUI.ensureCloseButtonCreated()V @ 246 c2
Event: 6241.602 Thread 0x00000117d9911000 Uncommon trap: reason=speculate_class_check action=maybe_recompile pc=0x00000117c83036b8 method=com.jidesoft.plaf.basic.BasicJideTabbedPaneUI.ensureCloseButtonCreated()V @ 246 c2
Event: 6245.199 Thread 0x00000117d9911000 Uncommon trap: reason=unstable_if action=reinterpret pc=0x00000117c6d6b6c4 method=java.util.regex.Pattern.lambda$DOT$5(I)Z @ 3 c2
Event: 6257.666 Thread 0x00000117d9911000 Uncommon trap: reason=null_check action=make_not_entrant pc=0x00000117c6bd2eb8 method=java.awt.Font.defaultLineMetrics(Ljava/awt/font/FontRenderContext;)Lsun/font/FontLineMetrics; @ 16 c2

Classes redefined (0 events):
No events

Internal exceptions (10 events):
Event: 5579.368 Thread 0x000001178b431800 Exception <a 'java/lang/InterruptedException'{0x0000000716280b00}: sleep interrupted> (0x0000000716280b00) thrown at [t:/workspace/hotspot/src/share/vm/prims/jvm.cpp, line 2984]
Event: 5591.405 Thread 0x000001178b42c800 Exception <a 'java/lang/InterruptedException'{0x0000000717181748}: sleep interrupted> (0x0000000717181748) thrown at [t:/workspace/hotspot/src/share/vm/prims/jvm.cpp, line 2984]
Event: 5613.383 Thread 0x000001178b432800 Exception <a 'java/lang/InterruptedException'{0x0000000716e81938}: sleep interrupted> (0x0000000716e81938) thrown at [t:/workspace/hotspot/src/share/vm/prims/jvm.cpp, line 2984]
Event: 5622.831 Thread 0x00000117d9911000 Exception <a 'java/io/FileNotFoundException'{0x00000007152e4748}> (0x00000007152e4748) thrown at [t:/workspace/hotspot/src/share/vm/prims/jni.cpp, line 604]
Event: 5622.868 Thread 0x00000117d9911000 Exception <a 'java/io/FileNotFoundException'{0x0000000715165760}> (0x0000000715165760) thrown at [t:/workspace/hotspot/src/share/vm/prims/jni.cpp, line 604]
Event: 5624.254 Thread 0x00000117d9911000 Exception <a 'java/io/FileNotFoundException'{0x00000007161480d0}> (0x00000007161480d0) thrown at [t:/workspace/hotspot/src/share/vm/prims/jni.cpp, line 604]
Event: 5624.254 Thread 0x00000117d9911000 Exception <a 'java/io/FileNotFoundException'{0x0000000716149260}> (0x0000000716149260) thrown at [t:/workspace/hotspot/src/share/vm/prims/jni.cpp, line 604]
Event: 6180.638 Thread 0x000001178b431000 Exception <a 'java/lang/InterruptedException'{0x00000007163823f0}: sleep interrupted> (0x00000007163823f0) thrown at [t:/workspace/hotspot/src/share/vm/prims/jvm.cpp, line 2984]
Event: 6245.197 Thread 0x00000117d9911000 Exception <a 'java/lang/NoSuchMethodError'{0x0000000716154f48}: java.lang.invoke.DelegatingMethodHandle$Holder.reinvoke_L(Ljava/lang/Object;IIILjava/lang/Object;Ljava/lang/Object;Ljava/lang/Object;Ljava/lang/Object;)Ljava/lang/Object;> (0x0000000716154f48
Event: 6257.666 Thread 0x00000117d9911000 Implicit null exception at 0x00000117c6bd245f to 0x00000117c6bd2ea9

Events (10 events):
Event: 6259.393 Executing VM operation: RevokeBias done
Event: 6259.393 Thread 0x000001178b42c800 Thread exited: 0x000001178b42c800
Event: 6259.921 Thread 0x000001178b432800 Thread added: 0x000001178b432800
Event: 6259.923 Thread 0x000001178b432800 Thread exited: 0x000001178b432800
Event: 6260.750 Thread 0x000001178b431800 Thread added: 0x000001178b431800
Event: 6260.752 Thread 0x000001178b432800 Thread added: 0x000001178b432800
Event: 6260.753 Thread 0x000001178b432800 Thread exited: 0x000001178b432800
Event: 6260.753 Executing VM operation: G1CollectFull
Event: 6260.979 Executing VM operation: G1CollectFull done
Event: 6260.980 Thread 0x000001178b431800 Thread exited: 0x000001178b431800


Dynamic libraries:
0x00007ff78dfc0000 - 0x00007ff78dff0000 	C:\Xilinx\Vivado\2018.3\bin\unwrapped\win64.o\vivado.exe
0x00007ffa80430000 - 0x00007ffa80628000 	C:\WINDOWS\SYSTEM32\ntdll.dll
0x00007ffa7f580000 - 0x00007ffa7f642000 	C:\WINDOWS\System32\KERNEL32.DLL
0x00007ffa7dad0000 - 0x00007ffa7ddcf000 	C:\WINDOWS\System32\KERNELBASE.dll
0x0000000054000000 - 0x0000000054095000 	C:\WINDOWS\System32\SYSFER.DLL
0x00007ffa7e710000 - 0x00007ffa7e7bf000 	C:\WINDOWS\System32\ADVAPI32.dll
0x00007ffa7eb10000 - 0x00007ffa7ebae000 	C:\WINDOWS\System32\msvcrt.dll
0x00007ffa7ee20000 - 0x00007ffa7eebf000 	C:\WINDOWS\System32\sechost.dll
0x00007ffa7ece0000 - 0x00007ffa7ee03000 	C:\WINDOWS\System32\RPCRT4.dll
0x00007ffa7e030000 - 0x00007ffa7e057000 	C:\WINDOWS\System32\bcrypt.dll
0x00007ffa7ddd0000 - 0x00007ffa7ded0000 	C:\WINDOWS\System32\ucrtbase.dll
0x00007ffa61220000 - 0x00007ffa612ad000 	C:\WINDOWS\SYSTEM32\MSVCP140.dll
0x00007ff9cf9c0000 - 0x00007ff9d0854000 	C:\Xilinx\Vivado\2018.3\lib\win64.o\librdi_common.dll
0x00007ffa60f90000 - 0x00007ffa60fa4000 	C:\Xilinx\Vivado\2018.3\lib\win64.o\librdi_commonmain.dll
0x00007ffa75700000 - 0x00007ffa75714000 	C:\Xilinx\Vivado\2018.3\lib\win64.o\libboost_signals.dll
0x00007ffa7e4b0000 - 0x00007ffa7e64d000 	C:\WINDOWS\System32\USER32.dll
0x00007ffa7e0f0000 - 0x00007ffa7e112000 	C:\WINDOWS\System32\win32u.dll
0x00007ffa61890000 - 0x00007ffa618ae000 	C:\WINDOWS\SYSTEM32\VCRUNTIME140.dll
0x00007ffa7ea60000 - 0x00007ffa7ea8b000 	C:\WINDOWS\System32\GDI32.dll
0x00007ffa7e170000 - 0x00007ffa7e28a000 	C:\WINDOWS\System32\gdi32full.dll
0x00007ffa7e290000 - 0x00007ffa7e32d000 	C:\WINDOWS\System32\msvcp_win.dll
0x00007ffa61880000 - 0x00007ffa6188c000 	C:\WINDOWS\SYSTEM32\VCRUNTIME140_1.dll
0x00007ffa7f9c0000 - 0x00007ffa8012d000 	C:\WINDOWS\System32\SHELL32.dll
0x00007ff9fd900000 - 0x00007ff9fdc6e000 	C:\Xilinx\Vivado\2018.3\lib\win64.o\libCOIN-all.dll
0x00007ff9ff120000 - 0x00007ff9ff3d5000 	C:\Xilinx\Vivado\2018.3\lib\win64.o\libXil_lmgr11.dll
0x00007ffa7f440000 - 0x00007ffa7f51a000 	C:\WINDOWS\System32\COMDLG32.dll
0x00007ffa7f660000 - 0x00007ffa7f9b5000 	C:\WINDOWS\System32\combase.dll
0x00007ffa607f0000 - 0x00007ffa60816000 	C:\Xilinx\Vivado\2018.3\lib\win64.o\libboost_filesystem.dll
0x00007ffa58660000 - 0x00007ffa58674000 	C:\Xilinx\Vivado\2018.3\lib\win64.o\libboost_date_time.dll
0x00007ffa80340000 - 0x00007ffa803ed000 	C:\WINDOWS\System32\shcore.dll
0x00007ffa7f520000 - 0x00007ffa7f575000 	C:\WINDOWS\System32\SHLWAPI.dll
0x00007ffa497b0000 - 0x00007ffa4982f000 	C:\Xilinx\Vivado\2018.3\lib\win64.o\libboost_program_options.dll
0x00007ffa7e990000 - 0x00007ffa7ea5d000 	C:\WINDOWS\System32\OLEAUT32.dll
0x00007ffa311e0000 - 0x00007ffa312f4000 	C:\Xilinx\Vivado\2018.3\lib\win64.o\libboost_regex.dll
0x00007ffa7ebb0000 - 0x00007ffa7ecdb000 	C:\WINDOWS\System32\ole32.dll
0x00007ffa7f3d0000 - 0x00007ffa7f43b000 	C:\WINDOWS\System32\WS2_32.dll
0x00007ffa756e0000 - 0x00007ffa756eb000 	C:\Xilinx\Vivado\2018.3\lib\win64.o\libboost_system.dll
0x00007ffa7e3e0000 - 0x00007ffa7e448000 	C:\WINDOWS\System32\WINTRUST.dll
0x00007ffa7ded0000 - 0x00007ffa7e02c000 	C:\WINDOWS\System32\CRYPT32.dll
0x00007ffa49780000 - 0x00007ffa497a1000 	C:\Xilinx\Vivado\2018.3\lib\win64.o\libboost_thread.dll
0x00007ffa31fe0000 - 0x00007ffa32062000 	C:\Xilinx\Vivado\2018.3\lib\win64.o\libhdlpsolve.dll
0x00007ffa76710000 - 0x00007ffa7671a000 	C:\Xilinx\Vivado\2018.3\lib\win64.o\librdi_commonversion.dll
0x00007ffa755e0000 - 0x00007ffa755ef000 	C:\Xilinx\Vivado\2018.3\lib\win64.o\libboost_xilinx.dll
0x00007ffa31420000 - 0x00007ffa31541000 	C:\Xilinx\Vivado\2018.3\lib\win64.o\librdi_commonxillic.dll
0x00007ffa338e0000 - 0x00007ffa33985000 	C:\Xilinx\Vivado\2018.3\lib\win64.o\libhdxml.dll
0x0000000053560000 - 0x000000005368b000 	C:\Xilinx\Vivado\2018.3\lib\win64.o\tcl85t.dll
0x00007ff9de770000 - 0x00007ff9defbe600 	C:\Xilinx\Vivado\2018.3\lib\win64.o\libisl_iostreams.dll
0x00007ffa47910000 - 0x00007ffa4793e000 	C:\Xilinx\Vivado\2018.3\lib\win64.o\libisl_sysinfo.dll
0x00007ffa41d20000 - 0x00007ffa41d85000 	C:\Xilinx\Vivado\2018.3\lib\win64.o\liblmx6.0.dll
0x00007ffa58640000 - 0x00007ffa5865a000 	C:\Xilinx\Vivado\2018.3\lib\win64.o\pthreadVC2.dll
0x00007ffa3f660000 - 0x00007ffa3f681000 	C:\Xilinx\Vivado\2018.3\lib\win64.o\librdizlib.dll
0x00007ffa4ee00000 - 0x00007ffa4ee1c000 	C:\Xilinx\Vivado\2018.3\lib\win64.o\librdiconfig.dll
0x0000000012000000 - 0x0000000012272000 	C:\Xilinx\Vivado\2018.3\lib\win64.o\xerces-c_3_1.dll
0x00007ffa7c8c0000 - 0x00007ffa7c8d9000 	C:\WINDOWS\SYSTEM32\NETAPI32.dll
0x00007ffa5f0e0000 - 0x00007ffa5f5b7000 	C:\WINDOWS\SYSTEM32\WININET.dll
0x00007ffa76ca0000 - 0x00007ffa76daa000 	C:\WINDOWS\SYSTEM32\WINHTTP.dll
0x00007ffa64bd0000 - 0x00007ffa64dc1000 	C:\WINDOWS\SYSTEM32\urlmon.dll
0x00007ffa4e920000 - 0x00007ffa4e929000 	C:\WINDOWS\SYSTEM32\WSOCK32.dll
0x00007ff9c9130000 - 0x00007ff9c9fc1000 	C:\Xilinx\Vivado\2018.3\lib\win64.o\gurobi65.dll
0x00007ffa3e780000 - 0x00007ffa3e7b0000 	C:\WINDOWS\SYSTEM32\VCOMP140.DLL
0x00007ffa614a0000 - 0x00007ffa61550000 	C:\WINDOWS\WinSxS\amd64_microsoft.windows.common-controls_6595b64144ccf1df_5.82.19041.4355_none_792ecafd2442822f\COMCTL32.dll
0x00007ffa730e0000 - 0x00007ffa730fd000 	C:\WINDOWS\SYSTEM32\dhcpcsvc.DLL
0x00007ffa73630000 - 0x00007ffa7363d000 	C:\Xilinx\Vivado\2018.3\lib\win64.o\libboost_chrono.dll
0x00007ffa4ea00000 - 0x00007ffa4ea1b000 	C:\Xilinx\Vivado\2018.3\lib\win64.o\libboost_iostreams.dll
0x00007ffa358a0000 - 0x00007ffa358c5000 	C:\Xilinx\Vivado\2018.3\lib\win64.o\libisl_iosutils.dll
0x00007ffa7c090000 - 0x00007ffa7c834000 	C:\WINDOWS\SYSTEM32\windows.storage.dll
0x00007ffa7cf30000 - 0x00007ffa7cf3c000 	C:\WINDOWS\SYSTEM32\netutils.dll
0x00007ffa636c0000 - 0x00007ffa6397f000 	C:\WINDOWS\SYSTEM32\iertutil.dll
0x00007ffa63690000 - 0x00007ffa636b8000 	C:\WINDOWS\SYSTEM32\srvcli.dll
0x00007ffa7d500000 - 0x00007ffa7d52b000 	C:\WINDOWS\SYSTEM32\Wldp.dll
0x00007ffa80310000 - 0x00007ffa8033f000 	C:\WINDOWS\System32\IMM32.DLL
0x00007ffa7d690000 - 0x00007ffa7d6a2000 	C:\WINDOWS\SYSTEM32\MSASN1.dll
0x00007ffa7c840000 - 0x00007ffa7c852000 	C:\WINDOWS\SYSTEM32\kernel.appcore.dll
0x00007ff9fc800000 - 0x00007ff9fccf5000 	C:\Xilinx\Vivado\2018.3\lib\win64.o\librdi_commontasks.dll
0x0000000052b30000 - 0x0000000053555000 	C:\Xilinx\Vivado\2018.3\tps\win64\jre9.0.4\bin\server\jvm.dll
0x00007ffa80130000 - 0x00007ffa80138000 	C:\WINDOWS\System32\PSAPI.DLL
0x00007ff9fd680000 - 0x00007ff9fd8ff000 	C:\Xilinx\Vivado\2018.3\lib\win64.o\librdi_sio.dll
0x00007ffa7c880000 - 0x00007ffa7c88a000 	C:\WINDOWS\SYSTEM32\VERSION.dll
0x00007ffa62760000 - 0x00007ffa62787000 	C:\WINDOWS\SYSTEM32\WINMM.dll
0x00007ffa31330000 - 0x00007ffa3141f000 	C:\WINDOWS\SYSTEM32\MSVCR120.dll
0x00007ffa7cef0000 - 0x00007ffa7cf2b000 	C:\WINDOWS\SYSTEM32\IPHLPAPI.DLL
0x00007ffa7d260000 - 0x00007ffa7d2cc000 	C:\WINDOWS\SYSTEM32\MSWSOCK.DLL
0x00007ff9b9fd0000 - 0x00007ff9bc392000 	C:\Xilinx\Vivado\2018.3\lib\win64.o\librdi_tcltasks.dll
0x00007ff9fbdb0000 - 0x00007ff9fc18c000 	C:\Xilinx\Vivado\2018.3\lib\win64.o\librdi_bitstream.dll
0x00007ffa00060000 - 0x00007ffa001de000 	C:\Xilinx\Vivado\2018.3\lib\win64.o\librdi_board.dll
0x00007ffa28370000 - 0x00007ffa283da000 	C:\Xilinx\Vivado\2018.3\lib\win64.o\librdi_boarddep.dll
0x00007ffa26a90000 - 0x00007ffa26b6c000 	C:\Xilinx\Vivado\2018.3\lib\win64.o\librdi_chipscope.dll
0x00007ff9fea90000 - 0x00007ff9fec49000 	C:\Xilinx\Vivado\2018.3\lib\win64.o\librdi_chipscopeimpl.dll
0x00007ff9aa3e0000 - 0x00007ff9abce5000 	C:\Xilinx\Vivado\2018.3\lib\win64.o\librdi_constraints.dll
0x00007ff9fc6b0000 - 0x00007ff9fc7f8000 	C:\Xilinx\Vivado\2018.3\lib\win64.o\librdi_containers.dll
0x00007ff9a85c0000 - 0x00007ff9aa3df000 	C:\Xilinx\Vivado\2018.3\lib\win64.o\librdi_coregen.dll
0x00007ff9ce330000 - 0x00007ff9cea0a000 	C:\Xilinx\Vivado\2018.3\lib\win64.o\librdi_coregenipxact.dll
0x00007ff9a33e0000 - 0x00007ff9a71db000 	C:\Xilinx\Vivado\2018.3\lib\win64.o\librdi_designutils.dll
0x00007ff9652f0000 - 0x00007ff976042000 	C:\Xilinx\Vivado\2018.3\lib\win64.o\librdi_device.dll
0x00007ff9fb740000 - 0x00007ff9fba5b000 	C:\Xilinx\Vivado\2018.3\lib\win64.o\librdi_dlyest.dll
0x00007ff9cef80000 - 0x00007ff9cf4e0000 	C:\Xilinx\Vivado\2018.3\lib\win64.o\librdi_drc.dll
0x00007ff9ffbf0000 - 0x00007ff9ffcb2000 	C:\Xilinx\Vivado\2018.3\lib\win64.o\librdi_dsp.dll
0x00007ff9ca430000 - 0x00007ff9caa6f000 	C:\Xilinx\Vivado\2018.3\lib\win64.o\librdi_filemgmt.dll
0x00007ff9caec0000 - 0x00007ff9cb19a000 	C:\Xilinx\Vivado\2018.3\lib\win64.o\librdi_guitools.dll
0x00007ffa31180000 - 0x00007ffa311dd000 	C:\Xilinx\Vivado\2018.3\lib\win64.o\librdi_hdf.dll
0x00007ff9b8c30000 - 0x00007ff9b9fc1000 	C:\Xilinx\Vivado\2018.3\lib\win64.o\librdi_implflow.dll
0x00007ff9c5230000 - 0x00007ff9c5845000 	C:\Xilinx\Vivado\2018.3\lib\win64.o\librdi_memdata.dll
0x00007ffa278a0000 - 0x00007ffa27911000 	C:\Xilinx\Vivado\2018.3\lib\win64.o\librdi_memoryarray.dll
0x00007ff961940000 - 0x00007ff9652ec000 	C:\Xilinx\Vivado\2018.3\lib\win64.o\librdi_mig.dll
0x00007ff9c4bf0000 - 0x00007ff9c522b000 	C:\Xilinx\Vivado\2018.3\lib\win64.o\librdi_netlist.dll
0x00007ffa34990000 - 0x00007ffa349e0000 	C:\Xilinx\Vivado\2018.3\lib\win64.o\librdi_pfi.dll
0x00007ff95f420000 - 0x00007ff961934000 	C:\Xilinx\Vivado\2018.3\lib\win64.o\librdi_place.dll
0x00007ff9cabb0000 - 0x00007ff9caeb7000 	C:\Xilinx\Vivado\2018.3\lib\win64.o\librdi_platform.dll
0x00007ff95ed20000 - 0x00007ff95f415000 	C:\Xilinx\Vivado\2018.3\lib\win64.o\librdi_power.dll
0x00007ff9c0ce0000 - 0x00007ff9c1236000 	C:\Xilinx\Vivado\2018.3\lib\win64.o\librdi_project.dll
0x00007ff95e620000 - 0x00007ff95ed13000 	C:\Xilinx\Vivado\2018.3\lib\win64.o\librdi_psta.dll
0x00007ff95df40000 - 0x00007ff95e619000 	C:\Xilinx\Vivado\2018.3\lib\win64.o\librdi_rsb.dll
0x00007ff9c4810000 - 0x00007ff9c4be7000 	C:\Xilinx\Vivado\2018.3\lib\win64.o\librdi_runs.dll
0x00007ff9fc340000 - 0x00007ff9fc418000 	C:\Xilinx\Vivado\2018.3\lib\win64.o\librdi_runsbase.dll
0x00007ff9de540000 - 0x00007ff9de768000 	C:\Xilinx\Vivado\2018.3\lib\win64.o\librdi_simdata.dll
0x00007ff95d1b0000 - 0x00007ff95df3d000 	C:\Xilinx\Vivado\2018.3\lib\win64.o\librdi_timing.dll
0x00007ff9cec00000 - 0x00007ff9ced54000 	C:\Xilinx\Vivado\2018.3\lib\win64.o\librdi_advchipscopeimpl.dll
0x00007ffa31f90000 - 0x00007ffa31fdc000 	C:\Xilinx\Vivado\2018.3\lib\win64.o\libboost_serialization.dll
0x00007ff9fbcf0000 - 0x00007ff9fbda8000 	C:\Xilinx\Vivado\2018.3\lib\win64.o\librdi_hip_devdesign.dll
0x00007ff9fe650000 - 0x00007ff9fe6fb000 	C:\Xilinx\Vivado\2018.3\lib\win64.o\librdi_ipconfig_readwrite.dll
0x00007ffa34e30000 - 0x00007ffa34e68000 	C:\Xilinx\Vivado\2018.3\lib\win64.o\librdi_noc_frameworks.dll
0x00007ff95c660000 - 0x00007ff95d1a7000 	C:\Xilinx\Vivado\2018.3\lib\win64.o\libverific.dll
0x00007ff9beaa0000 - 0x00007ff9bee55000 	C:\Xilinx\Vivado\2018.3\lib\win64.o\librdi_hip_config.dll
0x00007ff95c110000 - 0x00007ff95c65e000 	C:\Xilinx\Vivado\2018.3\lib\win64.o\librdi_xdm.dll
0x00007ff9fb6a0000 - 0x00007ff9fb73e000 	C:\Xilinx\Vivado\2018.3\lib\win64.o\libise.dll
0x00007ff95bb20000 - 0x00007ff95c104000 	C:\Xilinx\Vivado\2018.3\lib\win64.o\librdi_wavedata.dll
0x00007ffa310e0000 - 0x00007ffa31129000 	C:\Xilinx\Vivado\2018.3\lib\win64.o\librdi_wavedata_SimpleApi.dll
0x00007ffa27960000 - 0x00007ffa279c3000 	C:\Xilinx\Vivado\2018.3\lib\win64.o\librdi_hip_mathengine.dll

VM Arguments:
jvm_args: -Dsun.java2d.pmoffscreen=false -Dsun.java2d.xrender=false -Dsun.java2d.d3d=false -Dsun.awt.nopixfmt=true -Dsun.java2d.dpiaware=true -Dsun.java2d.uiScale.enabled=false -Xverify:none -Dswing.aatext=true -XX:-UsePerfData -Djdk.map.althashing.threshold=512 -XX:StringTableSize=4072 --add-opens=java.base/java.nio=ALL-UNNAMED --add-opens=java.desktop/sun.swing=ALL-UNNAMED --add-opens=java.desktop/javax.swing=ALL-UNNAMED --add-opens=java.desktop/javax.swing.tree=ALL-UNNAMED --add-opens=java.desktop/javax.swing.plaf.basic=ALL-UNNAMED --add-opens=java.desktop/javax.swing.plaf.synth=ALL-UNNAMED --add-opens=java.desktop/com.sun.awt=ALL-UNNAMED -XX:NewSize=60m -XX:MaxNewSize=60m -Xms128m -Xmx3072m -Xss5m 
java_command: <unknown>
java_class_path (initial): C:/Xilinx/Vivado/2018.3\lib\classes\alloy.jar;C:/Xilinx/Vivado/2018.3\lib\classes\autopilot.scelaborator.jar;C:/Xilinx/Vivado/2018.3\lib\classes\autopilot.sourceprocessor.jar;C:/Xilinx/Vivado/2018.3\lib\classes\autopilot.tbprocessor.jar;C:/Xilinx/Vivado/2018.3\lib\classes\batik-anim.jar;C:/Xilinx/Vivado/2018.3\lib\classes\batik-awt-util.jar;C:/Xilinx/Vivado/2018.3\lib\classes\batik-bridge.jar;C:/Xilinx/Vivado/2018.3\lib\classes\batik-codec.jar;C:/Xilinx/Vivado/2018.3\lib\classes\batik-css.jar;C:/Xilinx/Vivado/2018.3\lib\classes\batik-dom.jar;C:/Xilinx/Vivado/2018.3\lib\classes\batik-ext.jar;C:/Xilinx/Vivado/2018.3\lib\classes\batik-gui-util.jar;C:/Xilinx/Vivado/2018.3\lib\classes\batik-gvt.jar;C:/Xilinx/Vivado/2018.3\lib\classes\batik-parser.jar;C:/Xilinx/Vivado/2018.3\lib\classes\batik-script.jar;C:/Xilinx/Vivado/2018.3\lib\classes\batik-svg-dom.jar;C:/Xilinx/Vivado/2018.3\lib\classes\batik-swing.jar;C:/Xilinx/Vivado/2018.3\lib\classes\batik-transcoder.jar;C:/Xilinx/Vivado/2018.3\lib\classes\batik-util.jar;C:/Xilinx/Vivado/2018.3\lib\classes\batik-xml.jar;C:/Xilinx/Vivado/2018.3\lib\classes\com.ibm.icu_4.4.2.v20110208.jar;C:/Xilinx/Vivado/2018.3\lib\classes\commons-collections4-4.1.jar;C:/Xilinx/Vivado/2018.3\lib\classes\commons-math-2.2.jar;C:/Xilinx/Vivado/2018.3\lib\classes\dom4j-1.6.1.jar;C:/Xilinx/Vivado/2018.3\lib\classes\guava-18.0.jar;C:/Xilinx/Vivado/2018.3\lib\classes\help.jar;C:/Xilinx/Vivado/2018.3\lib\classes\hsqldb.jar;C:/Xilinx/Vivado/2018.3\lib\classes\jargs.jar;C:/Xilinx/Vivado/2018.3\lib\classes\jaxb-api-2.3.0.jar;C:/Xilinx/Vivado/2018.3\lib\classes\jh.jar;C:/Xilinx/Vivado/2018.3\lib\classes\jide-action.jar;C:/Xilinx/Vivado/2018.3\lib\classes\jide-charts.jar;C:/Xilinx/Vivado/2018.3\lib\classes\jide-common.jar;C:/Xilinx/Vivado/2018.3\lib\classes\jide-components.jar;C:/Xilinx/Vivado/2018.3\lib\classes\jide-dashboard.jar;C:/Xilinx/Vivado/2018.3\lib\classes\jide-data.jar;C:/Xilinx/Vivado/2018.3\lib\classes\jide-dialogs.jar
Launcher Type: generic

Logging:
Log output configuration:
#0: stdout all=warning uptime,level,tags
#1: stderr all=off uptime,level,tags

Environment Variables:
PATH=C:/Xilinx/Vivado/2018.3/bin;C:/Xilinx/Vivado/2018.3/lib/win64.o;C:/Xilinx/Vivado/2018.3/tps/win64/jre9.0.4/bin/server;C:/Xilinx/Vivado/2018.3/tps/win64/jre9.0.4/bin;C:/Xilinx/SDK/2018.3/bin;C:/Xilinx/Vivado/2018.3/ids_lite/ISE/bin/nt64;C:/Xilinx/Vivado/2018.3/ids_lite/ISE/lib/nt64;C:\Program Files\Common Files\Oracle\Java\javapath;C:\WINDOWS\system32;C:\WINDOWS;C:\WINDOWS\System32\Wbem;C:\WINDOWS\System32\WindowsPowerShell\v1.0\;C:\WINDOWS\System32\OpenSSH\;C:\Program Files\PuTTY\;C:\Program Files\MATLAB\R2024b\bin;C:\Users\Michal\AppData\Local\Programs\Python\Python38-32\Scripts\;C:\Users\Michal\AppData\Local\Programs\Python\Python38-32\;C:\Users\Michal\AppData\Local\Microsoft\WindowsApps;C:\Users\Michal\AppData\Local\Programs\Git\cmd;C:\Users\Michal\AppData\Local\Programs\Microsoft VS Code\bin;C:\msys64\mingw64\bin;;C:/Xilinx/Vivado/2018.3\tps\mingw\6.2.0\win64.o\nt\bin;C:/Xilinx/Vivado/2018.3\tps\mingw\6.2.0\win64.o\nt\libexec\gcc\x86_64-w64-mingw32\6.2.0
USERNAME=Michal
OS=Windows_NT
PROCESSOR_IDENTIFIER=Intel64 Family 6 Model 142 Stepping 12, GenuineIntel



---------------  S Y S T E M  ---------------

OS: Windows 10 , 64 bit Build 19041 (10.0.19041.5438)

CPU:total 8 (initial active 8) (4 cores per cpu, 2 threads per core) family 6 model 142 stepping 12, cmov, cx8, fxsr, mmx, sse, sse2, sse3, ssse3, sse4.1, sse4.2, popcnt, avx, avx2, aes, clmul, erms, 3dnowpref, lzcnt, ht, tsc, tscinvbit, bmi1, bmi2, adx, fma

Memory: 4k page, physical 16559604k(3283476k free), swap 43856280k(9359620k free)

vm_info: Java HotSpot(TM) 64-Bit Server VM (9.0.4+11) for windows-amd64 JRE (9.0.4+11), built on Dec 20 2017 02:18:54 by "mach5one" with MS VC++ 12.0 (VS2013)

END.
